   1              		.cpu cortex-m3
   2              		.eabi_attribute 20, 1
   3              		.eabi_attribute 21, 1
   4              		.eabi_attribute 23, 3
   5              		.eabi_attribute 24, 1
   6              		.eabi_attribute 25, 1
   7              		.eabi_attribute 26, 1
   8              		.eabi_attribute 30, 2
   9              		.eabi_attribute 34, 1
  10              		.eabi_attribute 18, 4
  11              		.file	"images.c"
  12              		.text
  13              		.global	mod_duo
  14              		.global	mod_logo
  15              		.section	.rodata
  16              		.align	2
  19              	mod_duo:
  20 0000 80       		.byte	-128
  21 0001 40       		.byte	64
  22 0002 00       		.byte	0
  23 0003 00       		.byte	0
  24 0004 00       		.byte	0
  25 0005 00       		.byte	0
  26 0006 00       		.byte	0
  27 0007 00       		.byte	0
  28 0008 00       		.byte	0
  29 0009 00       		.byte	0
  30 000a 00       		.byte	0
  31 000b 00       		.byte	0
  32 000c 00       		.byte	0
  33 000d 00       		.byte	0
  34 000e 00       		.byte	0
  35 000f 00       		.byte	0
  36 0010 00       		.byte	0
  37 0011 00       		.byte	0
  38 0012 00       		.byte	0
  39 0013 00       		.byte	0
  40 0014 00       		.byte	0
  41 0015 00       		.byte	0
  42 0016 00       		.byte	0
  43 0017 00       		.byte	0
  44 0018 00       		.byte	0
  45 0019 00       		.byte	0
  46 001a 00       		.byte	0
  47 001b 00       		.byte	0
  48 001c 00       		.byte	0
  49 001d 00       		.byte	0
  50 001e 00       		.byte	0
  51 001f 00       		.byte	0
  52 0020 00       		.byte	0
  53 0021 00       		.byte	0
  54 0022 00       		.byte	0
  55 0023 00       		.byte	0
  56 0024 00       		.byte	0
  57 0025 00       		.byte	0
  58 0026 00       		.byte	0
  59 0027 00       		.byte	0
  60 0028 00       		.byte	0
  61 0029 00       		.byte	0
  62 002a 00       		.byte	0
  63 002b 00       		.byte	0
  64 002c 00       		.byte	0
  65 002d 00       		.byte	0
  66 002e 00       		.byte	0
  67 002f 00       		.byte	0
  68 0030 00       		.byte	0
  69 0031 00       		.byte	0
  70 0032 00       		.byte	0
  71 0033 00       		.byte	0
  72 0034 00       		.byte	0
  73 0035 00       		.byte	0
  74 0036 00       		.byte	0
  75 0037 00       		.byte	0
  76 0038 00       		.byte	0
  77 0039 00       		.byte	0
  78 003a 00       		.byte	0
  79 003b 00       		.byte	0
  80 003c 00       		.byte	0
  81 003d 00       		.byte	0
  82 003e 00       		.byte	0
  83 003f 00       		.byte	0
  84 0040 00       		.byte	0
  85 0041 00       		.byte	0
  86 0042 00       		.byte	0
  87 0043 00       		.byte	0
  88 0044 00       		.byte	0
  89 0045 00       		.byte	0
  90 0046 00       		.byte	0
  91 0047 00       		.byte	0
  92 0048 00       		.byte	0
  93 0049 00       		.byte	0
  94 004a 00       		.byte	0
  95 004b 00       		.byte	0
  96 004c C0       		.byte	-64
  97 004d E0       		.byte	-32
  98 004e F0       		.byte	-16
  99 004f FC       		.byte	-4
 100 0050 FE       		.byte	-2
 101 0051 FF       		.byte	-1
 102 0052 FF       		.byte	-1
 103 0053 FF       		.byte	-1
 104 0054 FF       		.byte	-1
 105 0055 FF       		.byte	-1
 106 0056 FF       		.byte	-1
 107 0057 FF       		.byte	-1
 108 0058 FF       		.byte	-1
 109 0059 FF       		.byte	-1
 110 005a FF       		.byte	-1
 111 005b 7F       		.byte	127
 112 005c 3F       		.byte	63
 113 005d 0F       		.byte	15
 114 005e 07       		.byte	7
 115 005f 00       		.byte	0
 116 0060 00       		.byte	0
 117 0061 00       		.byte	0
 118 0062 00       		.byte	0
 119 0063 00       		.byte	0
 120 0064 00       		.byte	0
 121 0065 00       		.byte	0
 122 0066 00       		.byte	0
 123 0067 00       		.byte	0
 124 0068 00       		.byte	0
 125 0069 00       		.byte	0
 126 006a 00       		.byte	0
 127 006b 00       		.byte	0
 128 006c 00       		.byte	0
 129 006d 00       		.byte	0
 130 006e 00       		.byte	0
 131 006f 00       		.byte	0
 132 0070 00       		.byte	0
 133 0071 00       		.byte	0
 134 0072 00       		.byte	0
 135 0073 00       		.byte	0
 136 0074 00       		.byte	0
 137 0075 00       		.byte	0
 138 0076 00       		.byte	0
 139 0077 00       		.byte	0
 140 0078 00       		.byte	0
 141 0079 00       		.byte	0
 142 007a 00       		.byte	0
 143 007b 00       		.byte	0
 144 007c 00       		.byte	0
 145 007d 00       		.byte	0
 146 007e 00       		.byte	0
 147 007f 00       		.byte	0
 148 0080 00       		.byte	0
 149 0081 00       		.byte	0
 150 0082 00       		.byte	0
 151 0083 00       		.byte	0
 152 0084 00       		.byte	0
 153 0085 00       		.byte	0
 154 0086 00       		.byte	0
 155 0087 00       		.byte	0
 156 0088 00       		.byte	0
 157 0089 00       		.byte	0
 158 008a 00       		.byte	0
 159 008b 00       		.byte	0
 160 008c 00       		.byte	0
 161 008d 00       		.byte	0
 162 008e 00       		.byte	0
 163 008f 00       		.byte	0
 164 0090 00       		.byte	0
 165 0091 00       		.byte	0
 166 0092 00       		.byte	0
 167 0093 00       		.byte	0
 168 0094 00       		.byte	0
 169 0095 00       		.byte	0
 170 0096 00       		.byte	0
 171 0097 00       		.byte	0
 172 0098 00       		.byte	0
 173 0099 00       		.byte	0
 174 009a 00       		.byte	0
 175 009b 00       		.byte	0
 176 009c 00       		.byte	0
 177 009d 00       		.byte	0
 178 009e 00       		.byte	0
 179 009f 00       		.byte	0
 180 00a0 00       		.byte	0
 181 00a1 00       		.byte	0
 182 00a2 00       		.byte	0
 183 00a3 00       		.byte	0
 184 00a4 00       		.byte	0
 185 00a5 00       		.byte	0
 186 00a6 00       		.byte	0
 187 00a7 00       		.byte	0
 188 00a8 00       		.byte	0
 189 00a9 00       		.byte	0
 190 00aa 00       		.byte	0
 191 00ab 00       		.byte	0
 192 00ac 00       		.byte	0
 193 00ad 70       		.byte	112
 194 00ae F0       		.byte	-16
 195 00af F0       		.byte	-16
 196 00b0 F0       		.byte	-16
 197 00b1 F0       		.byte	-16
 198 00b2 F0       		.byte	-16
 199 00b3 F0       		.byte	-16
 200 00b4 F0       		.byte	-16
 201 00b5 F0       		.byte	-16
 202 00b6 F0       		.byte	-16
 203 00b7 F0       		.byte	-16
 204 00b8 F0       		.byte	-16
 205 00b9 F0       		.byte	-16
 206 00ba F0       		.byte	-16
 207 00bb E0       		.byte	-32
 208 00bc C0       		.byte	-64
 209 00bd 00       		.byte	0
 210 00be 00       		.byte	0
 211 00bf 00       		.byte	0
 212 00c0 00       		.byte	0
 213 00c1 00       		.byte	0
 214 00c2 00       		.byte	0
 215 00c3 00       		.byte	0
 216 00c4 00       		.byte	0
 217 00c5 00       		.byte	0
 218 00c6 C0       		.byte	-64
 219 00c7 E0       		.byte	-32
 220 00c8 F0       		.byte	-16
 221 00c9 FC       		.byte	-4
 222 00ca FE       		.byte	-2
 223 00cb FF       		.byte	-1
 224 00cc FF       		.byte	-1
 225 00cd FF       		.byte	-1
 226 00ce FF       		.byte	-1
 227 00cf FF       		.byte	-1
 228 00d0 FF       		.byte	-1
 229 00d1 FF       		.byte	-1
 230 00d2 FF       		.byte	-1
 231 00d3 FF       		.byte	-1
 232 00d4 FF       		.byte	-1
 233 00d5 7F       		.byte	127
 234 00d6 3F       		.byte	63
 235 00d7 0F       		.byte	15
 236 00d8 07       		.byte	7
 237 00d9 03       		.byte	3
 238 00da 00       		.byte	0
 239 00db 00       		.byte	0
 240 00dc 00       		.byte	0
 241 00dd 00       		.byte	0
 242 00de 00       		.byte	0
 243 00df 00       		.byte	0
 244 00e0 00       		.byte	0
 245 00e1 00       		.byte	0
 246 00e2 00       		.byte	0
 247 00e3 00       		.byte	0
 248 00e4 00       		.byte	0
 249 00e5 00       		.byte	0
 250 00e6 00       		.byte	0
 251 00e7 00       		.byte	0
 252 00e8 00       		.byte	0
 253 00e9 00       		.byte	0
 254 00ea 00       		.byte	0
 255 00eb 00       		.byte	0
 256 00ec 00       		.byte	0
 257 00ed 00       		.byte	0
 258 00ee 00       		.byte	0
 259 00ef 00       		.byte	0
 260 00f0 00       		.byte	0
 261 00f1 00       		.byte	0
 262 00f2 00       		.byte	0
 263 00f3 00       		.byte	0
 264 00f4 00       		.byte	0
 265 00f5 00       		.byte	0
 266 00f6 00       		.byte	0
 267 00f7 00       		.byte	0
 268 00f8 00       		.byte	0
 269 00f9 00       		.byte	0
 270 00fa 00       		.byte	0
 271 00fb 00       		.byte	0
 272 00fc 00       		.byte	0
 273 00fd 00       		.byte	0
 274 00fe 00       		.byte	0
 275 00ff 00       		.byte	0
 276 0100 00       		.byte	0
 277 0101 00       		.byte	0
 278 0102 00       		.byte	0
 279 0103 00       		.byte	0
 280 0104 00       		.byte	0
 281 0105 00       		.byte	0
 282 0106 00       		.byte	0
 283 0107 00       		.byte	0
 284 0108 00       		.byte	0
 285 0109 00       		.byte	0
 286 010a 00       		.byte	0
 287 010b 00       		.byte	0
 288 010c 00       		.byte	0
 289 010d 00       		.byte	0
 290 010e 00       		.byte	0
 291 010f 00       		.byte	0
 292 0110 00       		.byte	0
 293 0111 00       		.byte	0
 294 0112 00       		.byte	0
 295 0113 00       		.byte	0
 296 0114 00       		.byte	0
 297 0115 00       		.byte	0
 298 0116 00       		.byte	0
 299 0117 00       		.byte	0
 300 0118 00       		.byte	0
 301 0119 00       		.byte	0
 302 011a 00       		.byte	0
 303 011b 00       		.byte	0
 304 011c 00       		.byte	0
 305 011d 00       		.byte	0
 306 011e 00       		.byte	0
 307 011f 00       		.byte	0
 308 0120 00       		.byte	0
 309 0121 00       		.byte	0
 310 0122 00       		.byte	0
 311 0123 00       		.byte	0
 312 0124 00       		.byte	0
 313 0125 00       		.byte	0
 314 0126 00       		.byte	0
 315 0127 00       		.byte	0
 316 0128 00       		.byte	0
 317 0129 00       		.byte	0
 318 012a 00       		.byte	0
 319 012b 00       		.byte	0
 320 012c 00       		.byte	0
 321 012d 00       		.byte	0
 322 012e 00       		.byte	0
 323 012f 01       		.byte	1
 324 0130 03       		.byte	3
 325 0131 0F       		.byte	15
 326 0132 1F       		.byte	31
 327 0133 3F       		.byte	63
 328 0134 FF       		.byte	-1
 329 0135 FF       		.byte	-1
 330 0136 FF       		.byte	-1
 331 0137 FF       		.byte	-1
 332 0138 FF       		.byte	-1
 333 0139 FF       		.byte	-1
 334 013a FF       		.byte	-1
 335 013b FF       		.byte	-1
 336 013c FF       		.byte	-1
 337 013d FF       		.byte	-1
 338 013e FE       		.byte	-2
 339 013f FC       		.byte	-4
 340 0140 F0       		.byte	-16
 341 0141 E0       		.byte	-32
 342 0142 F0       		.byte	-16
 343 0143 FC       		.byte	-4
 344 0144 FE       		.byte	-2
 345 0145 FF       		.byte	-1
 346 0146 FF       		.byte	-1
 347 0147 FF       		.byte	-1
 348 0148 FF       		.byte	-1
 349 0149 FF       		.byte	-1
 350 014a FF       		.byte	-1
 351 014b FF       		.byte	-1
 352 014c FF       		.byte	-1
 353 014d FF       		.byte	-1
 354 014e FF       		.byte	-1
 355 014f 7F       		.byte	127
 356 0150 3F       		.byte	63
 357 0151 0F       		.byte	15
 358 0152 07       		.byte	7
 359 0153 03       		.byte	3
 360 0154 00       		.byte	0
 361 0155 00       		.byte	0
 362 0156 00       		.byte	0
 363 0157 00       		.byte	0
 364 0158 00       		.byte	0
 365 0159 00       		.byte	0
 366 015a 00       		.byte	0
 367 015b 00       		.byte	0
 368 015c 00       		.byte	0
 369 015d 00       		.byte	0
 370 015e 00       		.byte	0
 371 015f 00       		.byte	0
 372 0160 00       		.byte	0
 373 0161 00       		.byte	0
 374 0162 00       		.byte	0
 375 0163 00       		.byte	0
 376 0164 00       		.byte	0
 377 0165 00       		.byte	0
 378 0166 00       		.byte	0
 379 0167 00       		.byte	0
 380 0168 00       		.byte	0
 381 0169 00       		.byte	0
 382 016a 00       		.byte	0
 383 016b 00       		.byte	0
 384 016c 00       		.byte	0
 385 016d 00       		.byte	0
 386 016e 00       		.byte	0
 387 016f 00       		.byte	0
 388 0170 00       		.byte	0
 389 0171 00       		.byte	0
 390 0172 00       		.byte	0
 391 0173 00       		.byte	0
 392 0174 00       		.byte	0
 393 0175 00       		.byte	0
 394 0176 00       		.byte	0
 395 0177 00       		.byte	0
 396 0178 00       		.byte	0
 397 0179 00       		.byte	0
 398 017a 00       		.byte	0
 399 017b 00       		.byte	0
 400 017c 00       		.byte	0
 401 017d 00       		.byte	0
 402 017e 00       		.byte	0
 403 017f 00       		.byte	0
 404 0180 00       		.byte	0
 405 0181 00       		.byte	0
 406 0182 00       		.byte	0
 407 0183 00       		.byte	0
 408 0184 00       		.byte	0
 409 0185 00       		.byte	0
 410 0186 00       		.byte	0
 411 0187 00       		.byte	0
 412 0188 00       		.byte	0
 413 0189 00       		.byte	0
 414 018a 00       		.byte	0
 415 018b 00       		.byte	0
 416 018c 00       		.byte	0
 417 018d 00       		.byte	0
 418 018e 00       		.byte	0
 419 018f 00       		.byte	0
 420 0190 00       		.byte	0
 421 0191 00       		.byte	0
 422 0192 00       		.byte	0
 423 0193 00       		.byte	0
 424 0194 00       		.byte	0
 425 0195 00       		.byte	0
 426 0196 00       		.byte	0
 427 0197 00       		.byte	0
 428 0198 00       		.byte	0
 429 0199 00       		.byte	0
 430 019a 00       		.byte	0
 431 019b 00       		.byte	0
 432 019c 00       		.byte	0
 433 019d 00       		.byte	0
 434 019e 00       		.byte	0
 435 019f 00       		.byte	0
 436 01a0 00       		.byte	0
 437 01a1 00       		.byte	0
 438 01a2 00       		.byte	0
 439 01a3 00       		.byte	0
 440 01a4 00       		.byte	0
 441 01a5 00       		.byte	0
 442 01a6 00       		.byte	0
 443 01a7 00       		.byte	0
 444 01a8 00       		.byte	0
 445 01a9 00       		.byte	0
 446 01aa 00       		.byte	0
 447 01ab 00       		.byte	0
 448 01ac 00       		.byte	0
 449 01ad 00       		.byte	0
 450 01ae 00       		.byte	0
 451 01af 00       		.byte	0
 452 01b0 00       		.byte	0
 453 01b1 00       		.byte	0
 454 01b2 00       		.byte	0
 455 01b3 00       		.byte	0
 456 01b4 00       		.byte	0
 457 01b5 01       		.byte	1
 458 01b6 07       		.byte	7
 459 01b7 0F       		.byte	15
 460 01b8 1F       		.byte	31
 461 01b9 7F       		.byte	127
 462 01ba FF       		.byte	-1
 463 01bb FF       		.byte	-1
 464 01bc FF       		.byte	-1
 465 01bd FF       		.byte	-1
 466 01be FF       		.byte	-1
 467 01bf FF       		.byte	-1
 468 01c0 FF       		.byte	-1
 469 01c1 FF       		.byte	-1
 470 01c2 FF       		.byte	-1
 471 01c3 FF       		.byte	-1
 472 01c4 FF       		.byte	-1
 473 01c5 FF       		.byte	-1
 474 01c6 FF       		.byte	-1
 475 01c7 FF       		.byte	-1
 476 01c8 FF       		.byte	-1
 477 01c9 7F       		.byte	127
 478 01ca 3F       		.byte	63
 479 01cb 0F       		.byte	15
 480 01cc 07       		.byte	7
 481 01cd 03       		.byte	3
 482 01ce 00       		.byte	0
 483 01cf 00       		.byte	0
 484 01d0 00       		.byte	0
 485 01d1 00       		.byte	0
 486 01d2 00       		.byte	0
 487 01d3 00       		.byte	0
 488 01d4 00       		.byte	0
 489 01d5 00       		.byte	0
 490 01d6 00       		.byte	0
 491 01d7 00       		.byte	0
 492 01d8 00       		.byte	0
 493 01d9 00       		.byte	0
 494 01da 00       		.byte	0
 495 01db 00       		.byte	0
 496 01dc 00       		.byte	0
 497 01dd 00       		.byte	0
 498 01de 00       		.byte	0
 499 01df 00       		.byte	0
 500 01e0 00       		.byte	0
 501 01e1 00       		.byte	0
 502 01e2 00       		.byte	0
 503 01e3 00       		.byte	0
 504 01e4 00       		.byte	0
 505 01e5 00       		.byte	0
 506 01e6 00       		.byte	0
 507 01e7 00       		.byte	0
 508 01e8 00       		.byte	0
 509 01e9 00       		.byte	0
 510 01ea 00       		.byte	0
 511 01eb 00       		.byte	0
 512 01ec 00       		.byte	0
 513 01ed 00       		.byte	0
 514 01ee 00       		.byte	0
 515 01ef 00       		.byte	0
 516 01f0 00       		.byte	0
 517 01f1 00       		.byte	0
 518 01f2 00       		.byte	0
 519 01f3 00       		.byte	0
 520 01f4 00       		.byte	0
 521 01f5 00       		.byte	0
 522 01f6 00       		.byte	0
 523 01f7 00       		.byte	0
 524 01f8 00       		.byte	0
 525 01f9 00       		.byte	0
 526 01fa 00       		.byte	0
 527 01fb 00       		.byte	0
 528 01fc 00       		.byte	0
 529 01fd 00       		.byte	0
 530 01fe 00       		.byte	0
 531 01ff 00       		.byte	0
 532 0200 00       		.byte	0
 533 0201 00       		.byte	0
 534 0202 00       		.byte	0
 535 0203 00       		.byte	0
 536 0204 00       		.byte	0
 537 0205 00       		.byte	0
 538 0206 00       		.byte	0
 539 0207 00       		.byte	0
 540 0208 00       		.byte	0
 541 0209 00       		.byte	0
 542 020a 00       		.byte	0
 543 020b 00       		.byte	0
 544 020c 00       		.byte	0
 545 020d 00       		.byte	0
 546 020e 00       		.byte	0
 547 020f 00       		.byte	0
 548 0210 00       		.byte	0
 549 0211 00       		.byte	0
 550 0212 00       		.byte	0
 551 0213 00       		.byte	0
 552 0214 00       		.byte	0
 553 0215 00       		.byte	0
 554 0216 00       		.byte	0
 555 0217 00       		.byte	0
 556 0218 00       		.byte	0
 557 0219 00       		.byte	0
 558 021a 00       		.byte	0
 559 021b 00       		.byte	0
 560 021c 00       		.byte	0
 561 021d 00       		.byte	0
 562 021e 00       		.byte	0
 563 021f 00       		.byte	0
 564 0220 00       		.byte	0
 565 0221 00       		.byte	0
 566 0222 00       		.byte	0
 567 0223 00       		.byte	0
 568 0224 00       		.byte	0
 569 0225 00       		.byte	0
 570 0226 00       		.byte	0
 571 0227 00       		.byte	0
 572 0228 00       		.byte	0
 573 0229 00       		.byte	0
 574 022a 00       		.byte	0
 575 022b 00       		.byte	0
 576 022c 00       		.byte	0
 577 022d 00       		.byte	0
 578 022e 00       		.byte	0
 579 022f 00       		.byte	0
 580 0230 00       		.byte	0
 581 0231 00       		.byte	0
 582 0232 00       		.byte	0
 583 0233 00       		.byte	0
 584 0234 00       		.byte	0
 585 0235 80       		.byte	-128
 586 0236 C0       		.byte	-64
 587 0237 E0       		.byte	-32
 588 0238 F8       		.byte	-8
 589 0239 FC       		.byte	-4
 590 023a FF       		.byte	-1
 591 023b FF       		.byte	-1
 592 023c FF       		.byte	-1
 593 023d FF       		.byte	-1
 594 023e FF       		.byte	-1
 595 023f FF       		.byte	-1
 596 0240 FF       		.byte	-1
 597 0241 FF       		.byte	-1
 598 0242 FF       		.byte	-1
 599 0243 FF       		.byte	-1
 600 0244 FF       		.byte	-1
 601 0245 FF       		.byte	-1
 602 0246 FF       		.byte	-1
 603 0247 FF       		.byte	-1
 604 0248 FF       		.byte	-1
 605 0249 FE       		.byte	-2
 606 024a F8       		.byte	-8
 607 024b F0       		.byte	-16
 608 024c E0       		.byte	-32
 609 024d 80       		.byte	-128
 610 024e 00       		.byte	0
 611 024f 00       		.byte	0
 612 0250 00       		.byte	0
 613 0251 00       		.byte	0
 614 0252 00       		.byte	0
 615 0253 00       		.byte	0
 616 0254 00       		.byte	0
 617 0255 00       		.byte	0
 618 0256 00       		.byte	0
 619 0257 00       		.byte	0
 620 0258 00       		.byte	0
 621 0259 00       		.byte	0
 622 025a 00       		.byte	0
 623 025b 00       		.byte	0
 624 025c 00       		.byte	0
 625 025d 00       		.byte	0
 626 025e 00       		.byte	0
 627 025f 00       		.byte	0
 628 0260 00       		.byte	0
 629 0261 00       		.byte	0
 630 0262 00       		.byte	0
 631 0263 00       		.byte	0
 632 0264 00       		.byte	0
 633 0265 00       		.byte	0
 634 0266 00       		.byte	0
 635 0267 00       		.byte	0
 636 0268 00       		.byte	0
 637 0269 00       		.byte	0
 638 026a 00       		.byte	0
 639 026b 00       		.byte	0
 640 026c 00       		.byte	0
 641 026d 00       		.byte	0
 642 026e 00       		.byte	0
 643 026f 00       		.byte	0
 644 0270 00       		.byte	0
 645 0271 00       		.byte	0
 646 0272 00       		.byte	0
 647 0273 00       		.byte	0
 648 0274 00       		.byte	0
 649 0275 00       		.byte	0
 650 0276 00       		.byte	0
 651 0277 00       		.byte	0
 652 0278 00       		.byte	0
 653 0279 00       		.byte	0
 654 027a 00       		.byte	0
 655 027b 00       		.byte	0
 656 027c 00       		.byte	0
 657 027d 00       		.byte	0
 658 027e 00       		.byte	0
 659 027f 00       		.byte	0
 660 0280 00       		.byte	0
 661 0281 00       		.byte	0
 662 0282 00       		.byte	0
 663 0283 00       		.byte	0
 664 0284 00       		.byte	0
 665 0285 00       		.byte	0
 666 0286 00       		.byte	0
 667 0287 00       		.byte	0
 668 0288 00       		.byte	0
 669 0289 00       		.byte	0
 670 028a 00       		.byte	0
 671 028b 00       		.byte	0
 672 028c 00       		.byte	0
 673 028d 00       		.byte	0
 674 028e 00       		.byte	0
 675 028f 00       		.byte	0
 676 0290 00       		.byte	0
 677 0291 00       		.byte	0
 678 0292 00       		.byte	0
 679 0293 00       		.byte	0
 680 0294 00       		.byte	0
 681 0295 00       		.byte	0
 682 0296 00       		.byte	0
 683 0297 00       		.byte	0
 684 0298 00       		.byte	0
 685 0299 00       		.byte	0
 686 029a 00       		.byte	0
 687 029b 00       		.byte	0
 688 029c 00       		.byte	0
 689 029d 00       		.byte	0
 690 029e 00       		.byte	0
 691 029f 00       		.byte	0
 692 02a0 00       		.byte	0
 693 02a1 00       		.byte	0
 694 02a2 00       		.byte	0
 695 02a3 00       		.byte	0
 696 02a4 00       		.byte	0
 697 02a5 00       		.byte	0
 698 02a6 00       		.byte	0
 699 02a7 00       		.byte	0
 700 02a8 00       		.byte	0
 701 02a9 00       		.byte	0
 702 02aa 00       		.byte	0
 703 02ab 00       		.byte	0
 704 02ac 00       		.byte	0
 705 02ad 00       		.byte	0
 706 02ae 00       		.byte	0
 707 02af 80       		.byte	-128
 708 02b0 C0       		.byte	-64
 709 02b1 E0       		.byte	-32
 710 02b2 F8       		.byte	-8
 711 02b3 FC       		.byte	-4
 712 02b4 FE       		.byte	-2
 713 02b5 FF       		.byte	-1
 714 02b6 FF       		.byte	-1
 715 02b7 FF       		.byte	-1
 716 02b8 FF       		.byte	-1
 717 02b9 FF       		.byte	-1
 718 02ba FF       		.byte	-1
 719 02bb FF       		.byte	-1
 720 02bc FF       		.byte	-1
 721 02bd FF       		.byte	-1
 722 02be FF       		.byte	-1
 723 02bf 3F       		.byte	63
 724 02c0 1F       		.byte	31
 725 02c1 0F       		.byte	15
 726 02c2 0F       		.byte	15
 727 02c3 1F       		.byte	31
 728 02c4 7F       		.byte	127
 729 02c5 FF       		.byte	-1
 730 02c6 FF       		.byte	-1
 731 02c7 FF       		.byte	-1
 732 02c8 FF       		.byte	-1
 733 02c9 FF       		.byte	-1
 734 02ca FF       		.byte	-1
 735 02cb FF       		.byte	-1
 736 02cc FF       		.byte	-1
 737 02cd FF       		.byte	-1
 738 02ce FF       		.byte	-1
 739 02cf FE       		.byte	-2
 740 02d0 F8       		.byte	-8
 741 02d1 F0       		.byte	-16
 742 02d2 C0       		.byte	-64
 743 02d3 80       		.byte	-128
 744 02d4 00       		.byte	0
 745 02d5 00       		.byte	0
 746 02d6 00       		.byte	0
 747 02d7 00       		.byte	0
 748 02d8 00       		.byte	0
 749 02d9 00       		.byte	0
 750 02da 00       		.byte	0
 751 02db 00       		.byte	0
 752 02dc 00       		.byte	0
 753 02dd 00       		.byte	0
 754 02de 00       		.byte	0
 755 02df 00       		.byte	0
 756 02e0 00       		.byte	0
 757 02e1 00       		.byte	0
 758 02e2 00       		.byte	0
 759 02e3 00       		.byte	0
 760 02e4 00       		.byte	0
 761 02e5 00       		.byte	0
 762 02e6 00       		.byte	0
 763 02e7 00       		.byte	0
 764 02e8 00       		.byte	0
 765 02e9 00       		.byte	0
 766 02ea 00       		.byte	0
 767 02eb 00       		.byte	0
 768 02ec 00       		.byte	0
 769 02ed 00       		.byte	0
 770 02ee 00       		.byte	0
 771 02ef 00       		.byte	0
 772 02f0 00       		.byte	0
 773 02f1 00       		.byte	0
 774 02f2 00       		.byte	0
 775 02f3 00       		.byte	0
 776 02f4 00       		.byte	0
 777 02f5 00       		.byte	0
 778 02f6 00       		.byte	0
 779 02f7 00       		.byte	0
 780 02f8 00       		.byte	0
 781 02f9 00       		.byte	0
 782 02fa 00       		.byte	0
 783 02fb 00       		.byte	0
 784 02fc 00       		.byte	0
 785 02fd 00       		.byte	0
 786 02fe 00       		.byte	0
 787 02ff 00       		.byte	0
 788 0300 00       		.byte	0
 789 0301 00       		.byte	0
 790 0302 00       		.byte	0
 791 0303 00       		.byte	0
 792 0304 00       		.byte	0
 793 0305 00       		.byte	0
 794 0306 00       		.byte	0
 795 0307 00       		.byte	0
 796 0308 00       		.byte	0
 797 0309 00       		.byte	0
 798 030a 00       		.byte	0
 799 030b 00       		.byte	0
 800 030c 00       		.byte	0
 801 030d 00       		.byte	0
 802 030e 00       		.byte	0
 803 030f 00       		.byte	0
 804 0310 00       		.byte	0
 805 0311 00       		.byte	0
 806 0312 00       		.byte	0
 807 0313 00       		.byte	0
 808 0314 00       		.byte	0
 809 0315 00       		.byte	0
 810 0316 00       		.byte	0
 811 0317 00       		.byte	0
 812 0318 00       		.byte	0
 813 0319 00       		.byte	0
 814 031a 00       		.byte	0
 815 031b 00       		.byte	0
 816 031c 00       		.byte	0
 817 031d 00       		.byte	0
 818 031e 00       		.byte	0
 819 031f 00       		.byte	0
 820 0320 00       		.byte	0
 821 0321 00       		.byte	0
 822 0322 00       		.byte	0
 823 0323 00       		.byte	0
 824 0324 00       		.byte	0
 825 0325 00       		.byte	0
 826 0326 00       		.byte	0
 827 0327 00       		.byte	0
 828 0328 00       		.byte	0
 829 0329 80       		.byte	-128
 830 032a C0       		.byte	-64
 831 032b E0       		.byte	-32
 832 032c F8       		.byte	-8
 833 032d FC       		.byte	-4
 834 032e FE       		.byte	-2
 835 032f FF       		.byte	-1
 836 0330 FF       		.byte	-1
 837 0331 FF       		.byte	-1
 838 0332 FF       		.byte	-1
 839 0333 FF       		.byte	-1
 840 0334 FF       		.byte	-1
 841 0335 FF       		.byte	-1
 842 0336 FF       		.byte	-1
 843 0337 FF       		.byte	-1
 844 0338 FF       		.byte	-1
 845 0339 3F       		.byte	63
 846 033a 1F       		.byte	31
 847 033b 0F       		.byte	15
 848 033c 03       		.byte	3
 849 033d 01       		.byte	1
 850 033e 00       		.byte	0
 851 033f 00       		.byte	0
 852 0340 00       		.byte	0
 853 0341 00       		.byte	0
 854 0342 00       		.byte	0
 855 0343 00       		.byte	0
 856 0344 00       		.byte	0
 857 0345 00       		.byte	0
 858 0346 01       		.byte	1
 859 0347 07       		.byte	7
 860 0348 0F       		.byte	15
 861 0349 0F       		.byte	15
 862 034a 0F       		.byte	15
 863 034b 0F       		.byte	15
 864 034c 0F       		.byte	15
 865 034d 0F       		.byte	15
 866 034e 0F       		.byte	15
 867 034f 0F       		.byte	15
 868 0350 0F       		.byte	15
 869 0351 0F       		.byte	15
 870 0352 0F       		.byte	15
 871 0353 0F       		.byte	15
 872 0354 0F       		.byte	15
 873 0355 0E       		.byte	14
 874 0356 00       		.byte	0
 875 0357 00       		.byte	0
 876 0358 00       		.byte	0
 877 0359 00       		.byte	0
 878 035a 00       		.byte	0
 879 035b 00       		.byte	0
 880 035c 00       		.byte	0
 881 035d 00       		.byte	0
 882 035e 00       		.byte	0
 883 035f 00       		.byte	0
 884 0360 00       		.byte	0
 885 0361 00       		.byte	0
 886 0362 00       		.byte	0
 887 0363 00       		.byte	0
 888 0364 00       		.byte	0
 889 0365 00       		.byte	0
 890 0366 00       		.byte	0
 891 0367 00       		.byte	0
 892 0368 00       		.byte	0
 893 0369 00       		.byte	0
 894 036a 00       		.byte	0
 895 036b 00       		.byte	0
 896 036c 00       		.byte	0
 897 036d 00       		.byte	0
 898 036e 00       		.byte	0
 899 036f 00       		.byte	0
 900 0370 00       		.byte	0
 901 0371 00       		.byte	0
 902 0372 00       		.byte	0
 903 0373 00       		.byte	0
 904 0374 00       		.byte	0
 905 0375 00       		.byte	0
 906 0376 00       		.byte	0
 907 0377 00       		.byte	0
 908 0378 00       		.byte	0
 909 0379 00       		.byte	0
 910 037a 00       		.byte	0
 911 037b 00       		.byte	0
 912 037c 00       		.byte	0
 913 037d 00       		.byte	0
 914 037e 00       		.byte	0
 915 037f 00       		.byte	0
 916 0380 00       		.byte	0
 917 0381 00       		.byte	0
 918 0382 00       		.byte	0
 919 0383 00       		.byte	0
 920 0384 00       		.byte	0
 921 0385 00       		.byte	0
 922 0386 00       		.byte	0
 923 0387 00       		.byte	0
 924 0388 00       		.byte	0
 925 0389 00       		.byte	0
 926 038a 00       		.byte	0
 927 038b 00       		.byte	0
 928 038c 00       		.byte	0
 929 038d 00       		.byte	0
 930 038e 00       		.byte	0
 931 038f 00       		.byte	0
 932 0390 00       		.byte	0
 933 0391 00       		.byte	0
 934 0392 00       		.byte	0
 935 0393 00       		.byte	0
 936 0394 00       		.byte	0
 937 0395 00       		.byte	0
 938 0396 00       		.byte	0
 939 0397 00       		.byte	0
 940 0398 00       		.byte	0
 941 0399 00       		.byte	0
 942 039a 00       		.byte	0
 943 039b 00       		.byte	0
 944 039c 00       		.byte	0
 945 039d 00       		.byte	0
 946 039e 00       		.byte	0
 947 039f 00       		.byte	0
 948 03a0 00       		.byte	0
 949 03a1 00       		.byte	0
 950 03a2 00       		.byte	0
 951 03a3 00       		.byte	0
 952 03a4 C0       		.byte	-64
 953 03a5 E0       		.byte	-32
 954 03a6 F8       		.byte	-8
 955 03a7 FC       		.byte	-4
 956 03a8 FE       		.byte	-2
 957 03a9 FF       		.byte	-1
 958 03aa FF       		.byte	-1
 959 03ab FF       		.byte	-1
 960 03ac FF       		.byte	-1
 961 03ad FF       		.byte	-1
 962 03ae FF       		.byte	-1
 963 03af FF       		.byte	-1
 964 03b0 FF       		.byte	-1
 965 03b1 FF       		.byte	-1
 966 03b2 FF       		.byte	-1
 967 03b3 3F       		.byte	63
 968 03b4 1F       		.byte	31
 969 03b5 0F       		.byte	15
 970 03b6 03       		.byte	3
 971 03b7 01       		.byte	1
 972 03b8 00       		.byte	0
 973 03b9 00       		.byte	0
 974 03ba 00       		.byte	0
 975 03bb 00       		.byte	0
 976 03bc 00       		.byte	0
 977 03bd 00       		.byte	0
 978 03be 00       		.byte	0
 979 03bf 00       		.byte	0
 980 03c0 00       		.byte	0
 981 03c1 00       		.byte	0
 982 03c2 00       		.byte	0
 983 03c3 00       		.byte	0
 984 03c4 00       		.byte	0
 985 03c5 00       		.byte	0
 986 03c6 00       		.byte	0
 987 03c7 00       		.byte	0
 988 03c8 00       		.byte	0
 989 03c9 00       		.byte	0
 990 03ca 00       		.byte	0
 991 03cb 00       		.byte	0
 992 03cc 00       		.byte	0
 993 03cd 00       		.byte	0
 994 03ce 00       		.byte	0
 995 03cf 00       		.byte	0
 996 03d0 00       		.byte	0
 997 03d1 00       		.byte	0
 998 03d2 00       		.byte	0
 999 03d3 00       		.byte	0
 1000 03d4 00       		.byte	0
 1001 03d5 00       		.byte	0
 1002 03d6 00       		.byte	0
 1003 03d7 00       		.byte	0
 1004 03d8 00       		.byte	0
 1005 03d9 00       		.byte	0
 1006 03da 00       		.byte	0
 1007 03db 00       		.byte	0
 1008 03dc 00       		.byte	0
 1009 03dd 00       		.byte	0
 1010 03de 00       		.byte	0
 1011 03df 00       		.byte	0
 1012 03e0 00       		.byte	0
 1013 03e1 00       		.byte	0
 1014 03e2 00       		.byte	0
 1015 03e3 00       		.byte	0
 1016 03e4 00       		.byte	0
 1017 03e5 00       		.byte	0
 1018 03e6 00       		.byte	0
 1019 03e7 00       		.byte	0
 1020 03e8 00       		.byte	0
 1021 03e9 00       		.byte	0
 1022 03ea 00       		.byte	0
 1023 03eb 00       		.byte	0
 1024 03ec 00       		.byte	0
 1025 03ed 00       		.byte	0
 1026 03ee 00       		.byte	0
 1027 03ef 00       		.byte	0
 1028 03f0 00       		.byte	0
 1029 03f1 00       		.byte	0
 1030 03f2 00       		.byte	0
 1031 03f3 00       		.byte	0
 1032 03f4 00       		.byte	0
 1033 03f5 00       		.byte	0
 1034 03f6 00       		.byte	0
 1035 03f7 00       		.byte	0
 1036 03f8 00       		.byte	0
 1037 03f9 00       		.byte	0
 1038 03fa 00       		.byte	0
 1039 03fb 00       		.byte	0
 1040 03fc 00       		.byte	0
 1041 03fd 00       		.byte	0
 1042 03fe 00       		.byte	0
 1043 03ff 00       		.byte	0
 1044 0400 00       		.byte	0
 1045 0401 00       		.byte	0
 1046 0402 0000     		.space	2
 1049              	mod_logo:
 1050 0404 80       		.byte	-128
 1051 0405 40       		.byte	64
 1052 0406 00       		.byte	0
 1053 0407 00       		.byte	0
 1054 0408 00       		.byte	0
 1055 0409 00       		.byte	0
 1056 040a 00       		.byte	0
 1057 040b 00       		.byte	0
 1058 040c 00       		.byte	0
 1059 040d 00       		.byte	0
 1060 040e 00       		.byte	0
 1061 040f 00       		.byte	0
 1062 0410 00       		.byte	0
 1063 0411 00       		.byte	0
 1064 0412 00       		.byte	0
 1065 0413 00       		.byte	0
 1066 0414 00       		.byte	0
 1067 0415 00       		.byte	0
 1068 0416 00       		.byte	0
 1069 0417 00       		.byte	0
 1070 0418 00       		.byte	0
 1071 0419 00       		.byte	0
 1072 041a 00       		.byte	0
 1073 041b 00       		.byte	0
 1074 041c 00       		.byte	0
 1075 041d 00       		.byte	0
 1076 041e 00       		.byte	0
 1077 041f 00       		.byte	0
 1078 0420 00       		.byte	0
 1079 0421 00       		.byte	0
 1080 0422 00       		.byte	0
 1081 0423 00       		.byte	0
 1082 0424 00       		.byte	0
 1083 0425 00       		.byte	0
 1084 0426 00       		.byte	0
 1085 0427 00       		.byte	0
 1086 0428 00       		.byte	0
 1087 0429 00       		.byte	0
 1088 042a 00       		.byte	0
 1089 042b 00       		.byte	0
 1090 042c 00       		.byte	0
 1091 042d 00       		.byte	0
 1092 042e 00       		.byte	0
 1093 042f 00       		.byte	0
 1094 0430 00       		.byte	0
 1095 0431 00       		.byte	0
 1096 0432 00       		.byte	0
 1097 0433 00       		.byte	0
 1098 0434 00       		.byte	0
 1099 0435 00       		.byte	0
 1100 0436 00       		.byte	0
 1101 0437 00       		.byte	0
 1102 0438 00       		.byte	0
 1103 0439 00       		.byte	0
 1104 043a 00       		.byte	0
 1105 043b 00       		.byte	0
 1106 043c 00       		.byte	0
 1107 043d 00       		.byte	0
 1108 043e 00       		.byte	0
 1109 043f 00       		.byte	0
 1110 0440 00       		.byte	0
 1111 0441 00       		.byte	0
 1112 0442 00       		.byte	0
 1113 0443 00       		.byte	0
 1114 0444 00       		.byte	0
 1115 0445 00       		.byte	0
 1116 0446 00       		.byte	0
 1117 0447 00       		.byte	0
 1118 0448 00       		.byte	0
 1119 0449 00       		.byte	0
 1120 044a 00       		.byte	0
 1121 044b 00       		.byte	0
 1122 044c 00       		.byte	0
 1123 044d 00       		.byte	0
 1124 044e 00       		.byte	0
 1125 044f 00       		.byte	0
 1126 0450 00       		.byte	0
 1127 0451 00       		.byte	0
 1128 0452 00       		.byte	0
 1129 0453 00       		.byte	0
 1130 0454 00       		.byte	0
 1131 0455 00       		.byte	0
 1132 0456 00       		.byte	0
 1133 0457 00       		.byte	0
 1134 0458 00       		.byte	0
 1135 0459 00       		.byte	0
 1136 045a 00       		.byte	0
 1137 045b 00       		.byte	0
 1138 045c 00       		.byte	0
 1139 045d 00       		.byte	0
 1140 045e 00       		.byte	0
 1141 045f 00       		.byte	0
 1142 0460 00       		.byte	0
 1143 0461 00       		.byte	0
 1144 0462 00       		.byte	0
 1145 0463 00       		.byte	0
 1146 0464 00       		.byte	0
 1147 0465 00       		.byte	0
 1148 0466 00       		.byte	0
 1149 0467 00       		.byte	0
 1150 0468 00       		.byte	0
 1151 0469 00       		.byte	0
 1152 046a 00       		.byte	0
 1153 046b 00       		.byte	0
 1154 046c 00       		.byte	0
 1155 046d 00       		.byte	0
 1156 046e 00       		.byte	0
 1157 046f 00       		.byte	0
 1158 0470 00       		.byte	0
 1159 0471 00       		.byte	0
 1160 0472 00       		.byte	0
 1161 0473 00       		.byte	0
 1162 0474 00       		.byte	0
 1163 0475 00       		.byte	0
 1164 0476 00       		.byte	0
 1165 0477 00       		.byte	0
 1166 0478 00       		.byte	0
 1167 0479 00       		.byte	0
 1168 047a 00       		.byte	0
 1169 047b 00       		.byte	0
 1170 047c 00       		.byte	0
 1171 047d 00       		.byte	0
 1172 047e 00       		.byte	0
 1173 047f 00       		.byte	0
 1174 0480 00       		.byte	0
 1175 0481 00       		.byte	0
 1176 0482 00       		.byte	0
 1177 0483 00       		.byte	0
 1178 0484 00       		.byte	0
 1179 0485 00       		.byte	0
 1180 0486 00       		.byte	0
 1181 0487 00       		.byte	0
 1182 0488 00       		.byte	0
 1183 0489 00       		.byte	0
 1184 048a 00       		.byte	0
 1185 048b 00       		.byte	0
 1186 048c 00       		.byte	0
 1187 048d 00       		.byte	0
 1188 048e 00       		.byte	0
 1189 048f 00       		.byte	0
 1190 0490 00       		.byte	0
 1191 0491 00       		.byte	0
 1192 0492 00       		.byte	0
 1193 0493 00       		.byte	0
 1194 0494 00       		.byte	0
 1195 0495 00       		.byte	0
 1196 0496 00       		.byte	0
 1197 0497 FF       		.byte	-1
 1198 0498 FF       		.byte	-1
 1199 0499 FF       		.byte	-1
 1200 049a FF       		.byte	-1
 1201 049b 7F       		.byte	127
 1202 049c FE       		.byte	-2
 1203 049d F8       		.byte	-8
 1204 049e F0       		.byte	-16
 1205 049f C0       		.byte	-64
 1206 04a0 80       		.byte	-128
 1207 04a1 00       		.byte	0
 1208 04a2 00       		.byte	0
 1209 04a3 00       		.byte	0
 1210 04a4 00       		.byte	0
 1211 04a5 00       		.byte	0
 1212 04a6 00       		.byte	0
 1213 04a7 00       		.byte	0
 1214 04a8 00       		.byte	0
 1215 04a9 00       		.byte	0
 1216 04aa 00       		.byte	0
 1217 04ab 00       		.byte	0
 1218 04ac 00       		.byte	0
 1219 04ad 80       		.byte	-128
 1220 04ae C0       		.byte	-64
 1221 04af F0       		.byte	-16
 1222 04b0 F8       		.byte	-8
 1223 04b1 FE       		.byte	-2
 1224 04b2 7F       		.byte	127
 1225 04b3 FF       		.byte	-1
 1226 04b4 FF       		.byte	-1
 1227 04b5 FF       		.byte	-1
 1228 04b6 FF       		.byte	-1
 1229 04b7 00       		.byte	0
 1230 04b8 00       		.byte	0
 1231 04b9 00       		.byte	0
 1232 04ba 00       		.byte	0
 1233 04bb F8       		.byte	-8
 1234 04bc FC       		.byte	-4
 1235 04bd FE       		.byte	-2
 1236 04be FF       		.byte	-1
 1237 04bf 0F       		.byte	15
 1238 04c0 07       		.byte	7
 1239 04c1 07       		.byte	7
 1240 04c2 07       		.byte	7
 1241 04c3 07       		.byte	7
 1242 04c4 07       		.byte	7
 1243 04c5 07       		.byte	7
 1244 04c6 07       		.byte	7
 1245 04c7 07       		.byte	7
 1246 04c8 07       		.byte	7
 1247 04c9 07       		.byte	7
 1248 04ca 07       		.byte	7
 1249 04cb 07       		.byte	7
 1250 04cc 07       		.byte	7
 1251 04cd 07       		.byte	7
 1252 04ce 07       		.byte	7
 1253 04cf 07       		.byte	7
 1254 04d0 07       		.byte	7
 1255 04d1 0F       		.byte	15
 1256 04d2 FF       		.byte	-1
 1257 04d3 FE       		.byte	-2
 1258 04d4 FC       		.byte	-4
 1259 04d5 F8       		.byte	-8
 1260 04d6 00       		.byte	0
 1261 04d7 00       		.byte	0
 1262 04d8 00       		.byte	0
 1263 04d9 00       		.byte	0
 1264 04da FF       		.byte	-1
 1265 04db FF       		.byte	-1
 1266 04dc FF       		.byte	-1
 1267 04dd FF       		.byte	-1
 1268 04de 07       		.byte	7
 1269 04df 07       		.byte	7
 1270 04e0 07       		.byte	7
 1271 04e1 07       		.byte	7
 1272 04e2 07       		.byte	7
 1273 04e3 07       		.byte	7
 1274 04e4 07       		.byte	7
 1275 04e5 07       		.byte	7
 1276 04e6 07       		.byte	7
 1277 04e7 07       		.byte	7
 1278 04e8 07       		.byte	7
 1279 04e9 07       		.byte	7
 1280 04ea 07       		.byte	7
 1281 04eb 07       		.byte	7
 1282 04ec 07       		.byte	7
 1283 04ed 07       		.byte	7
 1284 04ee 07       		.byte	7
 1285 04ef 07       		.byte	7
 1286 04f0 0F       		.byte	15
 1287 04f1 FF       		.byte	-1
 1288 04f2 FE       		.byte	-2
 1289 04f3 FC       		.byte	-4
 1290 04f4 F8       		.byte	-8
 1291 04f5 00       		.byte	0
 1292 04f6 00       		.byte	0
 1293 04f7 00       		.byte	0
 1294 04f8 00       		.byte	0
 1295 04f9 00       		.byte	0
 1296 04fa 00       		.byte	0
 1297 04fb 00       		.byte	0
 1298 04fc 00       		.byte	0
 1299 04fd 00       		.byte	0
 1300 04fe 00       		.byte	0
 1301 04ff 00       		.byte	0
 1302 0500 00       		.byte	0
 1303 0501 00       		.byte	0
 1304 0502 00       		.byte	0
 1305 0503 00       		.byte	0
 1306 0504 00       		.byte	0
 1307 0505 00       		.byte	0
 1308 0506 00       		.byte	0
 1309 0507 00       		.byte	0
 1310 0508 00       		.byte	0
 1311 0509 00       		.byte	0
 1312 050a 00       		.byte	0
 1313 050b 00       		.byte	0
 1314 050c 00       		.byte	0
 1315 050d 00       		.byte	0
 1316 050e 00       		.byte	0
 1317 050f 00       		.byte	0
 1318 0510 00       		.byte	0
 1319 0511 00       		.byte	0
 1320 0512 00       		.byte	0
 1321 0513 00       		.byte	0
 1322 0514 00       		.byte	0
 1323 0515 00       		.byte	0
 1324 0516 00       		.byte	0
 1325 0517 FF       		.byte	-1
 1326 0518 FF       		.byte	-1
 1327 0519 FF       		.byte	-1
 1328 051a FF       		.byte	-1
 1329 051b 00       		.byte	0
 1330 051c 01       		.byte	1
 1331 051d 03       		.byte	3
 1332 051e 0F       		.byte	15
 1333 051f 1F       		.byte	31
 1334 0520 7F       		.byte	127
 1335 0521 FE       		.byte	-2
 1336 0522 FC       		.byte	-4
 1337 0523 F0       		.byte	-16
 1338 0524 E0       		.byte	-32
 1339 0525 80       		.byte	-128
 1340 0526 00       		.byte	0
 1341 0527 00       		.byte	0
 1342 0528 80       		.byte	-128
 1343 0529 E0       		.byte	-32
 1344 052a F0       		.byte	-16
 1345 052b FC       		.byte	-4
 1346 052c FE       		.byte	-2
 1347 052d 7F       		.byte	127
 1348 052e 1F       		.byte	31
 1349 052f 0F       		.byte	15
 1350 0530 03       		.byte	3
 1351 0531 00       		.byte	0
 1352 0532 00       		.byte	0
 1353 0533 FF       		.byte	-1
 1354 0534 FF       		.byte	-1
 1355 0535 FF       		.byte	-1
 1356 0536 FF       		.byte	-1
 1357 0537 00       		.byte	0
 1358 0538 00       		.byte	0
 1359 0539 00       		.byte	0
 1360 053a 00       		.byte	0
 1361 053b FF       		.byte	-1
 1362 053c FF       		.byte	-1
 1363 053d FF       		.byte	-1
 1364 053e FF       		.byte	-1
 1365 053f 00       		.byte	0
 1366 0540 00       		.byte	0
 1367 0541 00       		.byte	0
 1368 0542 00       		.byte	0
 1369 0543 00       		.byte	0
 1370 0544 00       		.byte	0
 1371 0545 00       		.byte	0
 1372 0546 00       		.byte	0
 1373 0547 00       		.byte	0
 1374 0548 00       		.byte	0
 1375 0549 00       		.byte	0
 1376 054a 00       		.byte	0
 1377 054b 00       		.byte	0
 1378 054c 00       		.byte	0
 1379 054d 00       		.byte	0
 1380 054e 00       		.byte	0
 1381 054f 00       		.byte	0
 1382 0550 00       		.byte	0
 1383 0551 00       		.byte	0
 1384 0552 FF       		.byte	-1
 1385 0553 FF       		.byte	-1
 1386 0554 FF       		.byte	-1
 1387 0555 FF       		.byte	-1
 1388 0556 00       		.byte	0
 1389 0557 00       		.byte	0
 1390 0558 00       		.byte	0
 1391 0559 00       		.byte	0
 1392 055a FF       		.byte	-1
 1393 055b FF       		.byte	-1
 1394 055c FF       		.byte	-1
 1395 055d FF       		.byte	-1
 1396 055e 00       		.byte	0
 1397 055f 00       		.byte	0
 1398 0560 00       		.byte	0
 1399 0561 00       		.byte	0
 1400 0562 00       		.byte	0
 1401 0563 00       		.byte	0
 1402 0564 00       		.byte	0
 1403 0565 00       		.byte	0
 1404 0566 00       		.byte	0
 1405 0567 00       		.byte	0
 1406 0568 00       		.byte	0
 1407 0569 00       		.byte	0
 1408 056a 00       		.byte	0
 1409 056b 00       		.byte	0
 1410 056c 00       		.byte	0
 1411 056d 00       		.byte	0
 1412 056e 00       		.byte	0
 1413 056f 00       		.byte	0
 1414 0570 00       		.byte	0
 1415 0571 FF       		.byte	-1
 1416 0572 FF       		.byte	-1
 1417 0573 FF       		.byte	-1
 1418 0574 FF       		.byte	-1
 1419 0575 00       		.byte	0
 1420 0576 00       		.byte	0
 1421 0577 00       		.byte	0
 1422 0578 00       		.byte	0
 1423 0579 00       		.byte	0
 1424 057a 00       		.byte	0
 1425 057b 00       		.byte	0
 1426 057c 00       		.byte	0
 1427 057d 00       		.byte	0
 1428 057e 00       		.byte	0
 1429 057f 00       		.byte	0
 1430 0580 00       		.byte	0
 1431 0581 00       		.byte	0
 1432 0582 00       		.byte	0
 1433 0583 00       		.byte	0
 1434 0584 00       		.byte	0
 1435 0585 00       		.byte	0
 1436 0586 00       		.byte	0
 1437 0587 00       		.byte	0
 1438 0588 00       		.byte	0
 1439 0589 00       		.byte	0
 1440 058a 00       		.byte	0
 1441 058b 00       		.byte	0
 1442 058c 00       		.byte	0
 1443 058d 00       		.byte	0
 1444 058e 00       		.byte	0
 1445 058f 00       		.byte	0
 1446 0590 00       		.byte	0
 1447 0591 00       		.byte	0
 1448 0592 00       		.byte	0
 1449 0593 00       		.byte	0
 1450 0594 00       		.byte	0
 1451 0595 00       		.byte	0
 1452 0596 00       		.byte	0
 1453 0597 1F       		.byte	31
 1454 0598 1F       		.byte	31
 1455 0599 1F       		.byte	31
 1456 059a 1F       		.byte	31
 1457 059b 00       		.byte	0
 1458 059c 00       		.byte	0
 1459 059d 00       		.byte	0
 1460 059e 00       		.byte	0
 1461 059f 00       		.byte	0
 1462 05a0 00       		.byte	0
 1463 05a1 00       		.byte	0
 1464 05a2 03       		.byte	3
 1465 05a3 07       		.byte	7
 1466 05a4 0F       		.byte	15
 1467 05a5 1F       		.byte	31
 1468 05a6 1F       		.byte	31
 1469 05a7 1F       		.byte	31
 1470 05a8 1F       		.byte	31
 1471 05a9 0F       		.byte	15
 1472 05aa 07       		.byte	7
 1473 05ab 03       		.byte	3
 1474 05ac 00       		.byte	0
 1475 05ad 00       		.byte	0
 1476 05ae 00       		.byte	0
 1477 05af 00       		.byte	0
 1478 05b0 00       		.byte	0
 1479 05b1 00       		.byte	0
 1480 05b2 00       		.byte	0
 1481 05b3 1F       		.byte	31
 1482 05b4 1F       		.byte	31
 1483 05b5 1F       		.byte	31
 1484 05b6 1F       		.byte	31
 1485 05b7 00       		.byte	0
 1486 05b8 00       		.byte	0
 1487 05b9 00       		.byte	0
 1488 05ba 00       		.byte	0
 1489 05bb 03       		.byte	3
 1490 05bc 07       		.byte	7
 1491 05bd 0F       		.byte	15
 1492 05be 1F       		.byte	31
 1493 05bf 1E       		.byte	30
 1494 05c0 1C       		.byte	28
 1495 05c1 1C       		.byte	28
 1496 05c2 1C       		.byte	28
 1497 05c3 1C       		.byte	28
 1498 05c4 1C       		.byte	28
 1499 05c5 1C       		.byte	28
 1500 05c6 1C       		.byte	28
 1501 05c7 1C       		.byte	28
 1502 05c8 1C       		.byte	28
 1503 05c9 1C       		.byte	28
 1504 05ca 1C       		.byte	28
 1505 05cb 1C       		.byte	28
 1506 05cc 1C       		.byte	28
 1507 05cd 1C       		.byte	28
 1508 05ce 1C       		.byte	28
 1509 05cf 1C       		.byte	28
 1510 05d0 1C       		.byte	28
 1511 05d1 1E       		.byte	30
 1512 05d2 1F       		.byte	31
 1513 05d3 0F       		.byte	15
 1514 05d4 07       		.byte	7
 1515 05d5 03       		.byte	3
 1516 05d6 00       		.byte	0
 1517 05d7 00       		.byte	0
 1518 05d8 00       		.byte	0
 1519 05d9 00       		.byte	0
 1520 05da 1F       		.byte	31
 1521 05db 1F       		.byte	31
 1522 05dc 1F       		.byte	31
 1523 05dd 1F       		.byte	31
 1524 05de 1C       		.byte	28
 1525 05df 1C       		.byte	28
 1526 05e0 1C       		.byte	28
 1527 05e1 1C       		.byte	28
 1528 05e2 1C       		.byte	28
 1529 05e3 1C       		.byte	28
 1530 05e4 1C       		.byte	28
 1531 05e5 1C       		.byte	28
 1532 05e6 1C       		.byte	28
 1533 05e7 1C       		.byte	28
 1534 05e8 1C       		.byte	28
 1535 05e9 1C       		.byte	28
 1536 05ea 1C       		.byte	28
 1537 05eb 1C       		.byte	28
 1538 05ec 1C       		.byte	28
 1539 05ed 1C       		.byte	28
 1540 05ee 1C       		.byte	28
 1541 05ef 1C       		.byte	28
 1542 05f0 1E       		.byte	30
 1543 05f1 1F       		.byte	31
 1544 05f2 0F       		.byte	15
 1545 05f3 07       		.byte	7
 1546 05f4 03       		.byte	3
 1547 05f5 00       		.byte	0
 1548 05f6 00       		.byte	0
 1549 05f7 00       		.byte	0
 1550 05f8 00       		.byte	0
 1551 05f9 00       		.byte	0
 1552 05fa 00       		.byte	0
 1553 05fb 00       		.byte	0
 1554 05fc 00       		.byte	0
 1555 05fd 00       		.byte	0
 1556 05fe 00       		.byte	0
 1557 05ff 00       		.byte	0
 1558 0600 00       		.byte	0
 1559 0601 00       		.byte	0
 1560 0602 00       		.byte	0
 1561 0603 00       		.byte	0
 1562 0604 00       		.byte	0
 1563 0605 00       		.byte	0
 1564 0606 00       		.byte	0
 1565 0607 00       		.byte	0
 1566 0608 00       		.byte	0
 1567 0609 00       		.byte	0
 1568 060a 00       		.byte	0
 1569 060b 00       		.byte	0
 1570 060c 00       		.byte	0
 1571 060d 00       		.byte	0
 1572 060e 00       		.byte	0
 1573 060f 00       		.byte	0
 1574 0610 00       		.byte	0
 1575 0611 00       		.byte	0
 1576 0612 00       		.byte	0
 1577 0613 00       		.byte	0
 1578 0614 00       		.byte	0
 1579 0615 00       		.byte	0
 1580 0616 00       		.byte	0
 1581 0617 FC       		.byte	-4
 1582 0618 FC       		.byte	-4
 1583 0619 FC       		.byte	-4
 1584 061a FC       		.byte	-4
 1585 061b 1C       		.byte	28
 1586 061c 1C       		.byte	28
 1587 061d 1C       		.byte	28
 1588 061e 1C       		.byte	28
 1589 061f 1C       		.byte	28
 1590 0620 1C       		.byte	28
 1591 0621 1C       		.byte	28
 1592 0622 1C       		.byte	28
 1593 0623 1C       		.byte	28
 1594 0624 1C       		.byte	28
 1595 0625 1C       		.byte	28
 1596 0626 1C       		.byte	28
 1597 0627 1C       		.byte	28
 1598 0628 1C       		.byte	28
 1599 0629 1C       		.byte	28
 1600 062a 1C       		.byte	28
 1601 062b 1C       		.byte	28
 1602 062c 1C       		.byte	28
 1603 062d 1C       		.byte	28
 1604 062e 3C       		.byte	60
 1605 062f FC       		.byte	-4
 1606 0630 F8       		.byte	-8
 1607 0631 F0       		.byte	-16
 1608 0632 E0       		.byte	-32
 1609 0633 00       		.byte	0
 1610 0634 00       		.byte	0
 1611 0635 00       		.byte	0
 1612 0636 00       		.byte	0
 1613 0637 00       		.byte	0
 1614 0638 FC       		.byte	-4
 1615 0639 FC       		.byte	-4
 1616 063a FC       		.byte	-4
 1617 063b FC       		.byte	-4
 1618 063c 00       		.byte	0
 1619 063d 00       		.byte	0
 1620 063e 00       		.byte	0
 1621 063f 00       		.byte	0
 1622 0640 00       		.byte	0
 1623 0641 00       		.byte	0
 1624 0642 00       		.byte	0
 1625 0643 00       		.byte	0
 1626 0644 00       		.byte	0
 1627 0645 00       		.byte	0
 1628 0646 00       		.byte	0
 1629 0647 00       		.byte	0
 1630 0648 00       		.byte	0
 1631 0649 00       		.byte	0
 1632 064a 00       		.byte	0
 1633 064b 00       		.byte	0
 1634 064c 00       		.byte	0
 1635 064d 00       		.byte	0
 1636 064e 00       		.byte	0
 1637 064f 00       		.byte	0
 1638 0650 FC       		.byte	-4
 1639 0651 FC       		.byte	-4
 1640 0652 FC       		.byte	-4
 1641 0653 FC       		.byte	-4
 1642 0654 00       		.byte	0
 1643 0655 00       		.byte	0
 1644 0656 00       		.byte	0
 1645 0657 00       		.byte	0
 1646 0658 E0       		.byte	-32
 1647 0659 F0       		.byte	-16
 1648 065a F8       		.byte	-8
 1649 065b FC       		.byte	-4
 1650 065c 3C       		.byte	60
 1651 065d 1C       		.byte	28
 1652 065e 1C       		.byte	28
 1653 065f 1C       		.byte	28
 1654 0660 1C       		.byte	28
 1655 0661 1C       		.byte	28
 1656 0662 1C       		.byte	28
 1657 0663 1C       		.byte	28
 1658 0664 1C       		.byte	28
 1659 0665 1C       		.byte	28
 1660 0666 1C       		.byte	28
 1661 0667 1C       		.byte	28
 1662 0668 1C       		.byte	28
 1663 0669 1C       		.byte	28
 1664 066a 1C       		.byte	28
 1665 066b 1C       		.byte	28
 1666 066c 1C       		.byte	28
 1667 066d 1C       		.byte	28
 1668 066e 1C       		.byte	28
 1669 066f 1C       		.byte	28
 1670 0670 3C       		.byte	60
 1671 0671 FC       		.byte	-4
 1672 0672 F8       		.byte	-8
 1673 0673 F0       		.byte	-16
 1674 0674 E0       		.byte	-32
 1675 0675 00       		.byte	0
 1676 0676 00       		.byte	0
 1677 0677 00       		.byte	0
 1678 0678 00       		.byte	0
 1679 0679 00       		.byte	0
 1680 067a 00       		.byte	0
 1681 067b 00       		.byte	0
 1682 067c 00       		.byte	0
 1683 067d 00       		.byte	0
 1684 067e 00       		.byte	0
 1685 067f 00       		.byte	0
 1686 0680 00       		.byte	0
 1687 0681 00       		.byte	0
 1688 0682 00       		.byte	0
 1689 0683 00       		.byte	0
 1690 0684 00       		.byte	0
 1691 0685 00       		.byte	0
 1692 0686 00       		.byte	0
 1693 0687 00       		.byte	0
 1694 0688 00       		.byte	0
 1695 0689 00       		.byte	0
 1696 068a 00       		.byte	0
 1697 068b 00       		.byte	0
 1698 068c 00       		.byte	0
 1699 068d 00       		.byte	0
 1700 068e 00       		.byte	0
 1701 068f 00       		.byte	0
 1702 0690 00       		.byte	0
 1703 0691 00       		.byte	0
 1704 0692 00       		.byte	0
 1705 0693 00       		.byte	0
 1706 0694 00       		.byte	0
 1707 0695 00       		.byte	0
 1708 0696 00       		.byte	0
 1709 0697 FF       		.byte	-1
 1710 0698 FF       		.byte	-1
 1711 0699 FF       		.byte	-1
 1712 069a FF       		.byte	-1
 1713 069b 00       		.byte	0
 1714 069c 00       		.byte	0
 1715 069d 00       		.byte	0
 1716 069e 00       		.byte	0
 1717 069f 00       		.byte	0
 1718 06a0 00       		.byte	0
 1719 06a1 00       		.byte	0
 1720 06a2 00       		.byte	0
 1721 06a3 00       		.byte	0
 1722 06a4 00       		.byte	0
 1723 06a5 00       		.byte	0
 1724 06a6 00       		.byte	0
 1725 06a7 00       		.byte	0
 1726 06a8 00       		.byte	0
 1727 06a9 00       		.byte	0
 1728 06aa 00       		.byte	0
 1729 06ab 00       		.byte	0
 1730 06ac 00       		.byte	0
 1731 06ad 00       		.byte	0
 1732 06ae 00       		.byte	0
 1733 06af FF       		.byte	-1
 1734 06b0 FF       		.byte	-1
 1735 06b1 FF       		.byte	-1
 1736 06b2 FF       		.byte	-1
 1737 06b3 00       		.byte	0
 1738 06b4 00       		.byte	0
 1739 06b5 00       		.byte	0
 1740 06b6 00       		.byte	0
 1741 06b7 00       		.byte	0
 1742 06b8 FF       		.byte	-1
 1743 06b9 FF       		.byte	-1
 1744 06ba FF       		.byte	-1
 1745 06bb FF       		.byte	-1
 1746 06bc 00       		.byte	0
 1747 06bd 00       		.byte	0
 1748 06be 00       		.byte	0
 1749 06bf 00       		.byte	0
 1750 06c0 00       		.byte	0
 1751 06c1 00       		.byte	0
 1752 06c2 00       		.byte	0
 1753 06c3 00       		.byte	0
 1754 06c4 00       		.byte	0
 1755 06c5 00       		.byte	0
 1756 06c6 00       		.byte	0
 1757 06c7 00       		.byte	0
 1758 06c8 00       		.byte	0
 1759 06c9 00       		.byte	0
 1760 06ca 00       		.byte	0
 1761 06cb 00       		.byte	0
 1762 06cc 00       		.byte	0
 1763 06cd 00       		.byte	0
 1764 06ce 00       		.byte	0
 1765 06cf 00       		.byte	0
 1766 06d0 FF       		.byte	-1
 1767 06d1 FF       		.byte	-1
 1768 06d2 FF       		.byte	-1
 1769 06d3 FF       		.byte	-1
 1770 06d4 00       		.byte	0
 1771 06d5 00       		.byte	0
 1772 06d6 00       		.byte	0
 1773 06d7 00       		.byte	0
 1774 06d8 FF       		.byte	-1
 1775 06d9 FF       		.byte	-1
 1776 06da FF       		.byte	-1
 1777 06db FF       		.byte	-1
 1778 06dc 00       		.byte	0
 1779 06dd 00       		.byte	0
 1780 06de 00       		.byte	0
 1781 06df 00       		.byte	0
 1782 06e0 00       		.byte	0
 1783 06e1 00       		.byte	0
 1784 06e2 00       		.byte	0
 1785 06e3 00       		.byte	0
 1786 06e4 00       		.byte	0
 1787 06e5 00       		.byte	0
 1788 06e6 00       		.byte	0
 1789 06e7 00       		.byte	0
 1790 06e8 00       		.byte	0
 1791 06e9 00       		.byte	0
 1792 06ea 00       		.byte	0
 1793 06eb 00       		.byte	0
 1794 06ec 00       		.byte	0
 1795 06ed 00       		.byte	0
 1796 06ee 00       		.byte	0
 1797 06ef 00       		.byte	0
 1798 06f0 00       		.byte	0
 1799 06f1 FF       		.byte	-1
 1800 06f2 FF       		.byte	-1
 1801 06f3 FF       		.byte	-1
 1802 06f4 FF       		.byte	-1
 1803 06f5 00       		.byte	0
 1804 06f6 00       		.byte	0
 1805 06f7 00       		.byte	0
 1806 06f8 00       		.byte	0
 1807 06f9 00       		.byte	0
 1808 06fa 00       		.byte	0
 1809 06fb 00       		.byte	0
 1810 06fc 00       		.byte	0
 1811 06fd 00       		.byte	0
 1812 06fe 00       		.byte	0
 1813 06ff 00       		.byte	0
 1814 0700 00       		.byte	0
 1815 0701 00       		.byte	0
 1816 0702 00       		.byte	0
 1817 0703 00       		.byte	0
 1818 0704 00       		.byte	0
 1819 0705 00       		.byte	0
 1820 0706 00       		.byte	0
 1821 0707 00       		.byte	0
 1822 0708 00       		.byte	0
 1823 0709 00       		.byte	0
 1824 070a 00       		.byte	0
 1825 070b 00       		.byte	0
 1826 070c 00       		.byte	0
 1827 070d 00       		.byte	0
 1828 070e 00       		.byte	0
 1829 070f 00       		.byte	0
 1830 0710 00       		.byte	0
 1831 0711 00       		.byte	0
 1832 0712 00       		.byte	0
 1833 0713 00       		.byte	0
 1834 0714 00       		.byte	0
 1835 0715 00       		.byte	0
 1836 0716 00       		.byte	0
 1837 0717 FF       		.byte	-1
 1838 0718 FF       		.byte	-1
 1839 0719 FF       		.byte	-1
 1840 071a FF       		.byte	-1
 1841 071b E0       		.byte	-32
 1842 071c E0       		.byte	-32
 1843 071d E0       		.byte	-32
 1844 071e E0       		.byte	-32
 1845 071f E0       		.byte	-32
 1846 0720 E0       		.byte	-32
 1847 0721 E0       		.byte	-32
 1848 0722 E0       		.byte	-32
 1849 0723 E0       		.byte	-32
 1850 0724 E0       		.byte	-32
 1851 0725 E0       		.byte	-32
 1852 0726 E0       		.byte	-32
 1853 0727 E0       		.byte	-32
 1854 0728 E0       		.byte	-32
 1855 0729 E0       		.byte	-32
 1856 072a E0       		.byte	-32
 1857 072b E0       		.byte	-32
 1858 072c E0       		.byte	-32
 1859 072d E0       		.byte	-32
 1860 072e F0       		.byte	-16
 1861 072f FF       		.byte	-1
 1862 0730 7F       		.byte	127
 1863 0731 3F       		.byte	63
 1864 0732 1F       		.byte	31
 1865 0733 00       		.byte	0
 1866 0734 00       		.byte	0
 1867 0735 00       		.byte	0
 1868 0736 00       		.byte	0
 1869 0737 00       		.byte	0
 1870 0738 1F       		.byte	31
 1871 0739 3F       		.byte	63
 1872 073a 7F       		.byte	127
 1873 073b FF       		.byte	-1
 1874 073c F0       		.byte	-16
 1875 073d E0       		.byte	-32
 1876 073e E0       		.byte	-32
 1877 073f E0       		.byte	-32
 1878 0740 E0       		.byte	-32
 1879 0741 E0       		.byte	-32
 1880 0742 E0       		.byte	-32
 1881 0743 E0       		.byte	-32
 1882 0744 E0       		.byte	-32
 1883 0745 E0       		.byte	-32
 1884 0746 E0       		.byte	-32
 1885 0747 E0       		.byte	-32
 1886 0748 E0       		.byte	-32
 1887 0749 E0       		.byte	-32
 1888 074a E0       		.byte	-32
 1889 074b E0       		.byte	-32
 1890 074c E0       		.byte	-32
 1891 074d E0       		.byte	-32
 1892 074e E0       		.byte	-32
 1893 074f F0       		.byte	-16
 1894 0750 FF       		.byte	-1
 1895 0751 7F       		.byte	127
 1896 0752 3F       		.byte	63
 1897 0753 1F       		.byte	31
 1898 0754 00       		.byte	0
 1899 0755 00       		.byte	0
 1900 0756 00       		.byte	0
 1901 0757 00       		.byte	0
 1902 0758 1F       		.byte	31
 1903 0759 3F       		.byte	63
 1904 075a 7F       		.byte	127
 1905 075b FF       		.byte	-1
 1906 075c F0       		.byte	-16
 1907 075d E0       		.byte	-32
 1908 075e E0       		.byte	-32
 1909 075f E0       		.byte	-32
 1910 0760 E0       		.byte	-32
 1911 0761 E0       		.byte	-32
 1912 0762 E0       		.byte	-32
 1913 0763 E0       		.byte	-32
 1914 0764 E0       		.byte	-32
 1915 0765 E0       		.byte	-32
 1916 0766 E0       		.byte	-32
 1917 0767 E0       		.byte	-32
 1918 0768 E0       		.byte	-32
 1919 0769 E0       		.byte	-32
 1920 076a E0       		.byte	-32
 1921 076b E0       		.byte	-32
 1922 076c E0       		.byte	-32
 1923 076d E0       		.byte	-32
 1924 076e E0       		.byte	-32
 1925 076f E0       		.byte	-32
 1926 0770 F0       		.byte	-16
 1927 0771 FF       		.byte	-1
 1928 0772 7F       		.byte	127
 1929 0773 3F       		.byte	63
 1930 0774 1F       		.byte	31
 1931 0775 00       		.byte	0
 1932 0776 00       		.byte	0
 1933 0777 00       		.byte	0
 1934 0778 00       		.byte	0
 1935 0779 00       		.byte	0
 1936 077a 00       		.byte	0
 1937 077b 00       		.byte	0
 1938 077c 00       		.byte	0
 1939 077d 00       		.byte	0
 1940 077e 00       		.byte	0
 1941 077f 00       		.byte	0
 1942 0780 00       		.byte	0
 1943 0781 00       		.byte	0
 1944 0782 00       		.byte	0
 1945 0783 00       		.byte	0
 1946 0784 00       		.byte	0
 1947 0785 00       		.byte	0
 1948 0786 00       		.byte	0
 1949 0787 00       		.byte	0
 1950 0788 00       		.byte	0
 1951 0789 00       		.byte	0
 1952 078a 00       		.byte	0
 1953 078b 00       		.byte	0
 1954 078c 00       		.byte	0
 1955 078d 00       		.byte	0
 1956 078e 00       		.byte	0
 1957 078f 00       		.byte	0
 1958 0790 00       		.byte	0
 1959 0791 00       		.byte	0
 1960 0792 00       		.byte	0
 1961 0793 00       		.byte	0
 1962 0794 00       		.byte	0
 1963 0795 00       		.byte	0
 1964 0796 00       		.byte	0
 1965 0797 00       		.byte	0
 1966 0798 00       		.byte	0
 1967 0799 00       		.byte	0
 1968 079a 00       		.byte	0
 1969 079b 00       		.byte	0
 1970 079c 00       		.byte	0
 1971 079d 00       		.byte	0
 1972 079e 00       		.byte	0
 1973 079f 00       		.byte	0
 1974 07a0 00       		.byte	0
 1975 07a1 00       		.byte	0
 1976 07a2 00       		.byte	0
 1977 07a3 00       		.byte	0
 1978 07a4 00       		.byte	0
 1979 07a5 00       		.byte	0
 1980 07a6 00       		.byte	0
 1981 07a7 00       		.byte	0
 1982 07a8 00       		.byte	0
 1983 07a9 00       		.byte	0
 1984 07aa 00       		.byte	0
 1985 07ab 00       		.byte	0
 1986 07ac 00       		.byte	0
 1987 07ad 00       		.byte	0
 1988 07ae 00       		.byte	0
 1989 07af 00       		.byte	0
 1990 07b0 00       		.byte	0
 1991 07b1 00       		.byte	0
 1992 07b2 00       		.byte	0
 1993 07b3 00       		.byte	0
 1994 07b4 00       		.byte	0
 1995 07b5 00       		.byte	0
 1996 07b6 00       		.byte	0
 1997 07b7 00       		.byte	0
 1998 07b8 00       		.byte	0
 1999 07b9 00       		.byte	0
 2000 07ba 00       		.byte	0
 2001 07bb 00       		.byte	0
 2002 07bc 00       		.byte	0
 2003 07bd 00       		.byte	0
 2004 07be 00       		.byte	0
 2005 07bf 00       		.byte	0
 2006 07c0 00       		.byte	0
 2007 07c1 00       		.byte	0
 2008 07c2 00       		.byte	0
 2009 07c3 00       		.byte	0
 2010 07c4 00       		.byte	0
 2011 07c5 00       		.byte	0
 2012 07c6 00       		.byte	0
 2013 07c7 00       		.byte	0
 2014 07c8 00       		.byte	0
 2015 07c9 00       		.byte	0
 2016 07ca 00       		.byte	0
 2017 07cb 00       		.byte	0
 2018 07cc 00       		.byte	0
 2019 07cd 00       		.byte	0
 2020 07ce 00       		.byte	0
 2021 07cf 00       		.byte	0
 2022 07d0 00       		.byte	0
 2023 07d1 00       		.byte	0
 2024 07d2 00       		.byte	0
 2025 07d3 00       		.byte	0
 2026 07d4 00       		.byte	0
 2027 07d5 00       		.byte	0
 2028 07d6 00       		.byte	0
 2029 07d7 00       		.byte	0
 2030 07d8 00       		.byte	0
 2031 07d9 00       		.byte	0
 2032 07da 00       		.byte	0
 2033 07db 00       		.byte	0
 2034 07dc 00       		.byte	0
 2035 07dd 00       		.byte	0
 2036 07de 00       		.byte	0
 2037 07df 00       		.byte	0
 2038 07e0 00       		.byte	0
 2039 07e1 00       		.byte	0
 2040 07e2 00       		.byte	0
 2041 07e3 00       		.byte	0
 2042 07e4 00       		.byte	0
 2043 07e5 00       		.byte	0
 2044 07e6 00       		.byte	0
 2045 07e7 00       		.byte	0
 2046 07e8 00       		.byte	0
 2047 07e9 00       		.byte	0
 2048 07ea 00       		.byte	0
 2049 07eb 00       		.byte	0
 2050 07ec 00       		.byte	0
 2051 07ed 00       		.byte	0
 2052 07ee 00       		.byte	0
 2053 07ef 00       		.byte	0
 2054 07f0 00       		.byte	0
 2055 07f1 00       		.byte	0
 2056 07f2 00       		.byte	0
 2057 07f3 00       		.byte	0
 2058 07f4 00       		.byte	0
 2059 07f5 00       		.byte	0
 2060 07f6 00       		.byte	0
 2061 07f7 00       		.byte	0
 2062 07f8 00       		.byte	0
 2063 07f9 00       		.byte	0
 2064 07fa 00       		.byte	0
 2065 07fb 00       		.byte	0
 2066 07fc 00       		.byte	0
 2067 07fd 00       		.byte	0
 2068 07fe 00       		.byte	0
 2069 07ff 00       		.byte	0
 2070 0800 00       		.byte	0
 2071 0801 00       		.byte	0
 2072 0802 00       		.byte	0
 2073 0803 00       		.byte	0
 2074 0804 00       		.byte	0
 2075 0805 00       		.byte	0
 2076              		.ident	"GCC: (GNU Tools for Arm Embedded Processors 7-2018-q3-update) 7.3.1 20180622 (release) [AR
DEFINED SYMBOLS
                            *ABS*:0000000000000000 images.c
     /tmp/ccn4ve25.s:19     .rodata:0000000000000000 mod_duo
     /tmp/ccn4ve25.s:1049   .rodata:0000000000000404 mod_logo
     /tmp/ccn4ve25.s:16     .rodata:0000000000000000 $d

NO UNDEFINED SYMBOLS
