   1              		.cpu cortex-m3
   2              		.eabi_attribute 20, 1
   3              		.eabi_attribute 21, 1
   4              		.eabi_attribute 23, 3
   5              		.eabi_attribute 24, 1
   6              		.eabi_attribute 25, 1
   7              		.eabi_attribute 26, 1
   8              		.eabi_attribute 30, 1
   9              		.eabi_attribute 34, 1
  10              		.eabi_attribute 18, 4
  11              		.file	"lpc17xx_pinsel.c"
  12              		.text
  13              		.align	1
  14              		.global	PINSEL_SetPinFunc
  15              		.syntax unified
  16              		.thumb
  17              		.thumb_func
  18              		.fpu softvfp
  20              	PINSEL_SetPinFunc:
  21              		@ args = 0, pretend = 0, frame = 0
  22              		@ frame_needed = 0, uses_anonymous_args = 0
  23              		@ link register save eliminated.
  24 0000 10B4     		push	{r4}
  25 0002 0C46     		mov	r4, r1
  26 0004 4000     		lsls	r0, r0, #1
  27 0006 0F29     		cmp	r1, #15
  28 0008 84BF     		itt	hi
  29 000a A1F11004 		subhi	r4, r1, #16
  30 000e 0130     		addhi	r0, r0, #1
  31 0010 8000     		lsls	r0, r0, #2
  32 0012 00F18040 		add	r0, r0, #1073741824
  33 0016 00F53030 		add	r0, r0, #180224
  34 001a 6100     		lsls	r1, r4, #1
  35 001c 0323     		movs	r3, #3
  36 001e 03FA01F4 		lsl	r4, r3, r1
  37 0022 0368     		ldr	r3, [r0]
  38 0024 23EA0403 		bic	r3, r3, r4
  39 0028 8A40     		lsls	r2, r2, r1
  40 002a 1343     		orrs	r3, r3, r2
  41 002c 0360     		str	r3, [r0]
  42 002e 10BC     		pop	{r4}
  43 0030 7047     		bx	lr
  45              		.align	1
  46              		.global	PINSEL_SetResistorMode
  47              		.syntax unified
  48              		.thumb
  49              		.thumb_func
  50              		.fpu softvfp
  52              	PINSEL_SetResistorMode:
  53              		@ args = 0, pretend = 0, frame = 0
  54              		@ frame_needed = 0, uses_anonymous_args = 0
  55              		@ link register save eliminated.
  56 0032 30B4     		push	{r4, r5}
  57 0034 0C46     		mov	r4, r1
  58 0036 4000     		lsls	r0, r0, #1
  59 0038 0F29     		cmp	r1, #15
  60 003a 84BF     		itt	hi
  61 003c A1F11004 		subhi	r4, r1, #16
  62 0040 0130     		addhi	r0, r0, #1
  63 0042 074D     		ldr	r5, .L7
  64 0044 6100     		lsls	r1, r4, #1
  65 0046 0323     		movs	r3, #3
  66 0048 03FA01F4 		lsl	r4, r3, r1
  67 004c 55F82030 		ldr	r3, [r5, r0, lsl #2]
  68 0050 23EA0403 		bic	r3, r3, r4
  69 0054 8A40     		lsls	r2, r2, r1
  70 0056 1343     		orrs	r3, r3, r2
  71 0058 45F82030 		str	r3, [r5, r0, lsl #2]
  72 005c 30BC     		pop	{r4, r5}
  73 005e 7047     		bx	lr
  74              	.L8:
  75              		.align	2
  76              	.L7:
  77 0060 40C00240 		.word	1073922112
  79              		.align	1
  80              		.global	PINSEL_SetOpenDrainMode
  81              		.syntax unified
  82              		.thumb
  83              		.thumb_func
  84              		.fpu softvfp
  86              	PINSEL_SetOpenDrainMode:
  87              		@ args = 0, pretend = 0, frame = 0
  88              		@ frame_needed = 0, uses_anonymous_args = 0
  89              		@ link register save eliminated.
  90 0064 012A     		cmp	r2, #1
  91 0066 0AD0     		beq	.L12
  92 0068 094A     		ldr	r2, .L13
  93 006a 0123     		movs	r3, #1
  94 006c 03FA01F1 		lsl	r1, r3, r1
  95 0070 52F82030 		ldr	r3, [r2, r0, lsl #2]
  96 0074 23EA0103 		bic	r3, r3, r1
  97 0078 42F82030 		str	r3, [r2, r0, lsl #2]
  98 007c 7047     		bx	lr
  99              	.L12:
 100 007e 044B     		ldr	r3, .L13
 101 0080 02FA01F1 		lsl	r1, r2, r1
 102 0084 53F82020 		ldr	r2, [r3, r0, lsl #2]
 103 0088 0A43     		orrs	r2, r2, r1
 104 008a 43F82020 		str	r2, [r3, r0, lsl #2]
 105 008e 7047     		bx	lr
 106              	.L14:
 107              		.align	2
 108              	.L13:
 109 0090 68C00240 		.word	1073922152
 111              		.align	1
 112              		.global	PINSEL_ConfigTraceFunc
 113              		.syntax unified
 114              		.thumb
 115              		.thumb_func
 116              		.fpu softvfp
 118              	PINSEL_ConfigTraceFunc:
 119              		@ args = 0, pretend = 0, frame = 0
 120              		@ frame_needed = 0, uses_anonymous_args = 0
 121              		@ link register save eliminated.
 122 0094 0128     		cmp	r0, #1
 123 0096 06D0     		beq	.L18
 124 0098 20B9     		cbnz	r0, .L15
 125 009a 064A     		ldr	r2, .L19
 126 009c 936A     		ldr	r3, [r2, #40]
 127 009e 23F00803 		bic	r3, r3, #8
 128 00a2 9362     		str	r3, [r2, #40]
 129              	.L15:
 130 00a4 7047     		bx	lr
 131              	.L18:
 132 00a6 034A     		ldr	r2, .L19
 133 00a8 936A     		ldr	r3, [r2, #40]
 134 00aa 43F00803 		orr	r3, r3, #8
 135 00ae 9362     		str	r3, [r2, #40]
 136 00b0 7047     		bx	lr
 137              	.L20:
 138 00b2 00BF     		.align	2
 139              	.L19:
 140 00b4 00C00240 		.word	1073922048
 142              		.align	1
 143              		.global	PINSEL_SetI2C0Pins
 144              		.syntax unified
 145              		.thumb
 146              		.thumb_func
 147              		.fpu softvfp
 149              	PINSEL_SetI2C0Pins:
 150              		@ args = 0, pretend = 0, frame = 0
 151              		@ frame_needed = 0, uses_anonymous_args = 0
 152              		@ link register save eliminated.
 153 00b8 0029     		cmp	r1, #0
 154 00ba 14BF     		ite	ne
 155 00bc 0522     		movne	r2, #5
 156 00be 0A22     		moveq	r2, #10
 157 00c0 014B     		ldr	r3, .L24
 158 00c2 DA67     		str	r2, [r3, #124]
 159 00c4 7047     		bx	lr
 160              	.L25:
 161 00c6 00BF     		.align	2
 162              	.L24:
 163 00c8 00C00240 		.word	1073922048
 165              		.align	1
 166              		.global	PINSEL_ConfigPin
 167              		.syntax unified
 168              		.thumb
 169              		.thumb_func
 170              		.fpu softvfp
 172              	PINSEL_ConfigPin:
 173              		@ args = 0, pretend = 0, frame = 0
 174              		@ frame_needed = 0, uses_anonymous_args = 0
 175 00cc 10B5     		push	{r4, lr}
 176 00ce 0446     		mov	r4, r0
 177 00d0 8278     		ldrb	r2, [r0, #2]	@ zero_extendqisi2
 178 00d2 4178     		ldrb	r1, [r0, #1]	@ zero_extendqisi2
 179 00d4 0078     		ldrb	r0, [r0]	@ zero_extendqisi2
 180 00d6 FFF7FEFF 		bl	PINSEL_SetPinFunc
 181 00da E278     		ldrb	r2, [r4, #3]	@ zero_extendqisi2
 182 00dc 6178     		ldrb	r1, [r4, #1]	@ zero_extendqisi2
 183 00de 2078     		ldrb	r0, [r4]	@ zero_extendqisi2
 184 00e0 FFF7FEFF 		bl	PINSEL_SetResistorMode
 185 00e4 2279     		ldrb	r2, [r4, #4]	@ zero_extendqisi2
 186 00e6 6178     		ldrb	r1, [r4, #1]	@ zero_extendqisi2
 187 00e8 2078     		ldrb	r0, [r4]	@ zero_extendqisi2
 188 00ea FFF7FEFF 		bl	PINSEL_SetOpenDrainMode
 189 00ee 10BD     		pop	{r4, pc}
 191              		.ident	"GCC: (GNU Tools for Arm Embedded Processors 7-2018-q3-update) 7.3.1 20180622 (release) [AR
DEFINED SYMBOLS
                            *ABS*:0000000000000000 lpc17xx_pinsel.c
     /tmp/cci20Hkf.s:13     .text:0000000000000000 $t
     /tmp/cci20Hkf.s:20     .text:0000000000000000 PINSEL_SetPinFunc
     /tmp/cci20Hkf.s:52     .text:0000000000000032 PINSEL_SetResistorMode
     /tmp/cci20Hkf.s:77     .text:0000000000000060 $d
     /tmp/cci20Hkf.s:79     .text:0000000000000064 $t
     /tmp/cci20Hkf.s:86     .text:0000000000000064 PINSEL_SetOpenDrainMode
     /tmp/cci20Hkf.s:109    .text:0000000000000090 $d
     /tmp/cci20Hkf.s:111    .text:0000000000000094 $t
     /tmp/cci20Hkf.s:118    .text:0000000000000094 PINSEL_ConfigTraceFunc
     /tmp/cci20Hkf.s:140    .text:00000000000000b4 $d
     /tmp/cci20Hkf.s:142    .text:00000000000000b8 $t
     /tmp/cci20Hkf.s:149    .text:00000000000000b8 PINSEL_SetI2C0Pins
     /tmp/cci20Hkf.s:163    .text:00000000000000c8 $d
     /tmp/cci20Hkf.s:165    .text:00000000000000cc $t
     /tmp/cci20Hkf.s:172    .text:00000000000000cc PINSEL_ConfigPin

NO UNDEFINED SYMBOLS
