   1              		.cpu cortex-m3
   2              		.eabi_attribute 20, 1
   3              		.eabi_attribute 21, 1
   4              		.eabi_attribute 23, 3
   5              		.eabi_attribute 24, 1
   6              		.eabi_attribute 25, 1
   7              		.eabi_attribute 26, 1
   8              		.eabi_attribute 30, 2
   9              		.eabi_attribute 34, 1
  10              		.eabi_attribute 18, 4
  11              		.file	"utils.c"
  12              		.text
  13              		.align	1
  14              		.p2align 2,,3
  15              		.global	copy_command
  16              		.syntax unified
  17              		.thumb
  18              		.thumb_func
  19              		.fpu softvfp
  21              	copy_command:
  22              		@ args = 0, pretend = 0, frame = 0
  23              		@ frame_needed = 0, uses_anonymous_args = 0
  24              		@ link register save eliminated.
  25 0000 0B78     		ldrb	r3, [r1]	@ zero_extendqisi2
  26 0002 ABB1     		cbz	r3, .L6
  27 0004 252B     		cmp	r3, #37
  28 0006 13D0     		beq	.L6
  29 0008 2E2B     		cmp	r3, #46
  30 000a 11D0     		beq	.L6
  31 000c 10B4     		push	{r4}
  32 000e 0022     		movs	r2, #0
  33 0010 0446     		mov	r4, r0
  34 0012 04E0     		b	.L3
  35              	.L19:
  36 0014 252B     		cmp	r3, #37
  37 0016 09D0     		beq	.L2
  38 0018 2E2B     		cmp	r3, #46
  39 001a 0246     		mov	r2, r0
  40 001c 06D0     		beq	.L2
  41              	.L3:
  42 001e A354     		strb	r3, [r4, r2]
  43 0020 11F8013F 		ldrb	r3, [r1, #1]!	@ zero_extendqisi2
  44 0024 0132     		adds	r2, r2, #1
  45 0026 D0B2     		uxtb	r0, r2
  46 0028 002B     		cmp	r3, #0
  47 002a F3D1     		bne	.L19
  48              	.L2:
  49 002c 10BC     		pop	{r4}
  50 002e 7047     		bx	lr
  51              	.L6:
  52 0030 0020     		movs	r0, #0
  53 0032 7047     		bx	lr
  55              		.align	1
  56              		.p2align 2,,3
  57              		.global	strarr_split
  58              		.syntax unified
  59              		.thumb
  60              		.thumb_func
  61              		.fpu softvfp
  63              	strarr_split:
  64              		@ args = 0, pretend = 0, frame = 0
  65              		@ frame_needed = 0, uses_anonymous_args = 0
  66 0034 0028     		cmp	r0, #0
  67 0036 00F08280 		beq	.L58
  68 003a F8B5     		push	{r3, r4, r5, r6, r7, lr}
  69 003c 0178     		ldrb	r1, [r0]	@ zero_extendqisi2
  70 003e 0446     		mov	r4, r0
  71 0040 0029     		cmp	r1, #0
  72 0042 77D0     		beq	.L40
  73 0044 0646     		mov	r6, r0
  74 0046 0025     		movs	r5, #0
  75 0048 0127     		movs	r7, #1
  76 004a 09E0     		b	.L26
  77              	.L24:
  78 004c 2229     		cmp	r1, #34
  79 004e 04D1     		bne	.L25
  80 0050 002D     		cmp	r5, #0
  81 0052 4ED0     		beq	.L41
  82 0054 222A     		cmp	r2, #34
  83 0056 64D0     		beq	.L59
  84 0058 0025     		movs	r5, #0
  85              	.L25:
  86 005a 1E46     		mov	r6, r3
  87 005c 7AB1     		cbz	r2, .L60
  88              	.L43:
  89 005e 1146     		mov	r1, r2
  90              	.L26:
  91 0060 3346     		mov	r3, r6
  92 0062 2029     		cmp	r1, #32
  93 0064 07F10100 		add	r0, r7, #1
  94 0068 13F8012F 		ldrb	r2, [r3, #1]!	@ zero_extendqisi2
  95 006c EED1     		bne	.L24
  96 006e 002D     		cmp	r5, #0
  97 0070 F3D1     		bne	.L25
  98 0072 B91C     		adds	r1, r7, #2
  99 0074 1E46     		mov	r6, r3
 100 0076 0746     		mov	r7, r0
 101 0078 0846     		mov	r0, r1
 102 007a 002A     		cmp	r2, #0
 103 007c EFD1     		bne	.L43
 104              	.L60:
 105 007e 8000     		lsls	r0, r0, #2
 106              	.L23:
 107 0080 FFF7FEFF 		bl	pvPortMalloc
 108 0084 0028     		cmp	r0, #0
 109 0086 42D0     		beq	.L27
 110 0088 0460     		str	r4, [r0]
 111 008a 2378     		ldrb	r3, [r4]	@ zero_extendqisi2
 112 008c 002B     		cmp	r3, #0
 113 008e 54D0     		beq	.L28
 114 0090 4FF0000C 		mov	ip, #0
 115 0094 05E0     		b	.L32
 116              	.L29:
 117 0096 2278     		ldrb	r2, [r4]	@ zero_extendqisi2
 118 0098 6378     		ldrb	r3, [r4, #1]	@ zero_extendqisi2
 119 009a 222A     		cmp	r2, #34
 120 009c 2BD0     		beq	.L61
 121              	.L31:
 122 009e 0C46     		mov	r4, r1
 123 00a0 C3B1     		cbz	r3, .L33
 124              	.L32:
 125 00a2 0CF10106 		add	r6, ip, #1
 126 00a6 B200     		lsls	r2, r6, #2
 127 00a8 202B     		cmp	r3, #32
 128 00aa 00EB0207 		add	r7, r0, r2
 129 00ae 04F10101 		add	r1, r4, #1
 130 00b2 F0D1     		bne	.L29
 131 00b4 6DBB     		cbnz	r5, .L30
 132 00b6 2570     		strb	r5, [r4]
 133 00b8 3960     		str	r1, [r7]
 134 00ba 2578     		ldrb	r5, [r4]	@ zero_extendqisi2
 135 00bc 6378     		ldrb	r3, [r4, #1]	@ zero_extendqisi2
 136 00be A5F12205 		sub	r5, #34
 137 00c2 B5FA85F5 		clz	r5, r5
 138 00c6 0432     		adds	r2, r2, #4
 139 00c8 8718     		adds	r7, r0, r2
 140 00ca B446     		mov	ip, r6
 141 00cc 6D09     		lsrs	r5, r5, #5
 142 00ce 0C46     		mov	r4, r1
 143 00d0 002B     		cmp	r3, #0
 144 00d2 E6D1     		bne	.L32
 145              	.L33:
 146 00d4 0023     		movs	r3, #0
 147 00d6 041F     		subs	r4, r0, #4
 148 00d8 3B60     		str	r3, [r7]
 149              	.L34:
 150 00da 54F8043F 		ldr	r3, [r4, #4]!
 151 00de BBB1     		cbz	r3, .L20
 152              	.L38:
 153 00e0 1A78     		ldrb	r2, [r3]	@ zero_extendqisi2
 154 00e2 002A     		cmp	r2, #0
 155 00e4 F9D0     		beq	.L34
 156 00e6 222A     		cmp	r2, #34
 157 00e8 03F10101 		add	r1, r3, #1
 158 00ec 06D0     		beq	.L62
 159 00ee 0B46     		mov	r3, r1
 160 00f0 F6E7     		b	.L38
 161              	.L41:
 162 00f2 0125     		movs	r5, #1
 163 00f4 B1E7     		b	.L25
 164              	.L61:
 165 00f6 85B9     		cbnz	r5, .L39
 166 00f8 0125     		movs	r5, #1
 167 00fa D0E7     		b	.L31
 168              	.L62:
 169 00fc 1A46     		mov	r2, r3
 170              	.L36:
 171 00fe 5178     		ldrb	r1, [r2, #1]	@ zero_extendqisi2
 172 0100 02F8011B 		strb	r1, [r2], #1
 173 0104 0029     		cmp	r1, #0
 174 0106 FAD1     		bne	.L36
 175 0108 1946     		mov	r1, r3
 176 010a 0B46     		mov	r3, r1
 177 010c E8E7     		b	.L38
 178              	.L27:
 179 010e 0020     		movs	r0, #0
 180              	.L20:
 181 0110 F8BD     		pop	{r3, r4, r5, r6, r7, pc}
 182              	.L30:
 183 0112 2278     		ldrb	r2, [r4]	@ zero_extendqisi2
 184 0114 6378     		ldrb	r3, [r4, #1]	@ zero_extendqisi2
 185 0116 222A     		cmp	r2, #34
 186 0118 C1D1     		bne	.L31
 187              	.L39:
 188 011a 222B     		cmp	r3, #34
 189 011c 05D0     		beq	.L63
 190 011e 0025     		movs	r5, #0
 191 0120 BDE7     		b	.L31
 192              	.L59:
 193 0122 3346     		mov	r3, r6
 194 0124 13F8022F 		ldrb	r2, [r3, #2]!	@ zero_extendqisi2
 195 0128 97E7     		b	.L25
 196              	.L63:
 197 012a 2146     		mov	r1, r4
 198 012c 0125     		movs	r5, #1
 199 012e 11F8023F 		ldrb	r3, [r1, #2]!	@ zero_extendqisi2
 200 0132 B4E7     		b	.L31
 201              	.L40:
 202 0134 0D46     		mov	r5, r1
 203 0136 0820     		movs	r0, #8
 204 0138 A2E7     		b	.L23
 205              	.L28:
 206 013a 071D     		adds	r7, r0, #4
 207 013c CAE7     		b	.L33
 208              	.L58:
 209 013e 0020     		movs	r0, #0
 210 0140 7047     		bx	lr
 212              		.align	1
 213 0142 00BF     		.p2align 2,,3
 214              		.global	strarr_length
 215              		.syntax unified
 216              		.thumb
 217              		.thumb_func
 218              		.fpu softvfp
 220              	strarr_length:
 221              		@ args = 0, pretend = 0, frame = 0
 222              		@ frame_needed = 0, uses_anonymous_args = 0
 223              		@ link register save eliminated.
 224 0144 50B1     		cbz	r0, .L64
 225 0146 0368     		ldr	r3, [r0]
 226 0148 3BB1     		cbz	r3, .L68
 227 014a 0346     		mov	r3, r0
 228 014c 0020     		movs	r0, #0
 229              	.L66:
 230 014e 53F8042F 		ldr	r2, [r3, #4]!
 231 0152 0130     		adds	r0, r0, #1
 232 0154 002A     		cmp	r2, #0
 233 0156 FAD1     		bne	.L66
 234 0158 7047     		bx	lr
 235              	.L68:
 236 015a 1846     		mov	r0, r3
 237              	.L64:
 238 015c 7047     		bx	lr
 240              		.align	1
 241 015e 00BF     		.p2align 2,,3
 242              		.global	strarr_join
 243              		.syntax unified
 244              		.thumb
 245              		.thumb_func
 246              		.fpu softvfp
 248              	strarr_join:
 249              		@ args = 0, pretend = 0, frame = 0
 250              		@ frame_needed = 0, uses_anonymous_args = 0
 251              		@ link register save eliminated.
 252 0160 30B4     		push	{r4, r5}
 253 0162 C8B1     		cbz	r0, .L75
 254 0164 0568     		ldr	r5, [r0]
 255 0166 A5B1     		cbz	r5, .L70
 256 0168 0346     		mov	r3, r0
 257 016a 0146     		mov	r1, r0
 258 016c 0022     		movs	r2, #0
 259              	.L73:
 260 016e 51F8044F 		ldr	r4, [r1, #4]!
 261 0172 0132     		adds	r2, r2, #1
 262 0174 002C     		cmp	r4, #0
 263 0176 FAD1     		bne	.L73
 264 0178 012A     		cmp	r2, #1
 265 017a 0AD0     		beq	.L70
 266 017c 2024     		movs	r4, #32
 267 017e 011F     		subs	r1, r0, #4
 268 0180 01EB8201 		add	r1, r1, r2, lsl #2
 269              	.L74:
 270 0184 53F8042F 		ldr	r2, [r3, #4]!
 271 0188 9942     		cmp	r1, r3
 272 018a 02F8014C 		strb	r4, [r2, #-1]
 273 018e F9D1     		bne	.L74
 274 0190 0568     		ldr	r5, [r0]
 275              	.L70:
 276 0192 2846     		mov	r0, r5
 277 0194 30BC     		pop	{r4, r5}
 278 0196 7047     		bx	lr
 279              	.L75:
 280 0198 0546     		mov	r5, r0
 281 019a 2846     		mov	r0, r5
 282 019c 30BC     		pop	{r4, r5}
 283 019e 7047     		bx	lr
 285              		.align	1
 286              		.p2align 2,,3
 287              		.global	int_to_str
 288              		.syntax unified
 289              		.thumb
 290              		.thumb_func
 291              		.fpu softvfp
 293              	int_to_str:
 294              		@ args = 0, pretend = 0, frame = 0
 295              		@ frame_needed = 0, uses_anonymous_args = 0
 296 01a0 0029     		cmp	r1, #0
 297 01a2 63D0     		beq	.L100
 298 01a4 0028     		cmp	r0, #0
 299 01a6 2DE9F041 		push	{r4, r5, r6, r7, r8, lr}
 300 01aa 4FD0     		beq	.L128
 301 01ac 02F1FF36 		add	r6, r2, #-1
 302 01b0 5EDA     		bge	.L101
 303 01b2 4FF0010C 		mov	ip, #1
 304 01b6 4042     		negs	r0, r0
 305 01b8 961E     		subs	r6, r2, #2
 306              	.L91:
 307 01ba 2F4A     		ldr	r2, .L130
 308 01bc 4F1C     		adds	r7, r1, #1
 309 01be A2FB0042 		umull	r4, r2, r2, r0
 310 01c2 D208     		lsrs	r2, r2, #3
 311 01c4 02EB8204 		add	r4, r2, r2, lsl #2
 312 01c8 A0EB4400 		sub	r0, r0, r4, lsl #1
 313 01cc 3030     		adds	r0, r0, #48
 314 01ce 0870     		strb	r0, [r1]
 315 01d0 3D46     		mov	r5, r7
 316 01d2 002E     		cmp	r6, #0
 317 01d4 46D0     		beq	.L89
 318 01d6 DFF8A4E0 		ldr	lr, .L130+4
 319 01da 0DE0     		b	.L93
 320              	.L94:
 321 01dc 8EFB0280 		smull	r8, r0, lr, r2
 322 01e0 C4EBA004 		rsb	r4, r4, r0, asr #2
 323 01e4 04EB8400 		add	r0, r4, r4, lsl #2
 324 01e8 A2EB4002 		sub	r2, r2, r0, lsl #1
 325 01ec 3032     		adds	r2, r2, #48
 326 01ee 013E     		subs	r6, r6, #1
 327 01f0 05F8012B 		strb	r2, [r5], #1
 328 01f4 2246     		mov	r2, r4
 329 01f6 35D0     		beq	.L89
 330              	.L93:
 331 01f8 581E     		subs	r0, r3, #1
 332 01fa 03B1     		cbz	r3, .L92
 333 01fc C3B2     		uxtb	r3, r0
 334              	.L92:
 335 01fe D417     		asrs	r4, r2, #31
 336 0200 002A     		cmp	r2, #0
 337 0202 EBD1     		bne	.L94
 338              	.L90:
 339 0204 5A1E     		subs	r2, r3, #1
 340 0206 D2B2     		uxtb	r2, r2
 341 0208 33B1     		cbz	r3, .L96
 342 020a 3020     		movs	r0, #48
 343 020c 531C     		adds	r3, r2, #1
 344 020e 2B44     		add	r3, r3, r5
 345              	.L97:
 346 0210 05F8010B 		strb	r0, [r5], #1
 347 0214 AB42     		cmp	r3, r5
 348 0216 FBD1     		bne	.L97
 349              	.L96:
 350 0218 BCF1000F 		cmp	ip, #0
 351 021c 03D0     		beq	.L98
 352 021e 2D23     		movs	r3, #45
 353 0220 0135     		adds	r5, r5, #1
 354 0222 05F8013C 		strb	r3, [r5, #-1]
 355              	.L98:
 356 0226 0022     		movs	r2, #0
 357 0228 6B1E     		subs	r3, r5, #1
 358 022a 9942     		cmp	r1, r3
 359 022c 2A70     		strb	r2, [r5]
 360 022e A5EB0100 		sub	r0, r5, r1
 361 0232 01D3     		bcc	.L99
 362 0234 18E0     		b	.L85
 363              	.L129:
 364 0236 0137     		adds	r7, r7, #1
 365              	.L99:
 366 0238 0C78     		ldrb	r4, [r1]	@ zero_extendqisi2
 367 023a 1A78     		ldrb	r2, [r3]	@ zero_extendqisi2
 368 023c 03F80149 		strb	r4, [r3], #-1
 369 0240 9F42     		cmp	r7, r3
 370 0242 0A70     		strb	r2, [r1]
 371 0244 3946     		mov	r1, r7
 372 0246 F6D3     		bcc	.L129
 373 0248 BDE8F081 		pop	{r4, r5, r6, r7, r8, pc}
 374              	.L128:
 375 024c 3024     		movs	r4, #48
 376 024e 4F1C     		adds	r7, r1, #1
 377 0250 0C70     		strb	r4, [r1]
 378 0252 3D46     		mov	r5, r7
 379 0254 23B1     		cbz	r3, .L88
 380 0256 013B     		subs	r3, r3, #1
 381 0258 DBB2     		uxtb	r3, r3
 382 025a 1AB1     		cbz	r2, .L89
 383 025c 8446     		mov	ip, r0
 384 025e D1E7     		b	.L90
 385              	.L88:
 386 0260 002A     		cmp	r2, #0
 387 0262 E0D1     		bne	.L98
 388              	.L89:
 389 0264 0020     		movs	r0, #0
 390 0266 0870     		strb	r0, [r1]
 391              	.L85:
 392 0268 BDE8F081 		pop	{r4, r5, r6, r7, r8, pc}
 393              	.L100:
 394 026c 0846     		mov	r0, r1
 395 026e 7047     		bx	lr
 396              	.L101:
 397 0270 4FF0000C 		mov	ip, #0
 398 0274 A1E7     		b	.L91
 399              	.L131:
 400 0276 00BF     		.align	2
 401              	.L130:
 402 0278 CDCCCCCC 		.word	-858993459
 403 027c 67666666 		.word	1717986919
 405              		.global	__aeabi_f2d
 406              		.global	__aeabi_dcmplt
 407              		.global	__aeabi_fcmplt
 408              		.global	__aeabi_d2iz
 409              		.global	__aeabi_dadd
 410              		.global	__aeabi_dmul
 411              		.align	1
 412              		.p2align 2,,3
 413              		.global	float_to_str
 414              		.syntax unified
 415              		.thumb
 416              		.thumb_func
 417              		.fpu softvfp
 419              	float_to_str:
 420              		@ args = 0, pretend = 0, frame = 8
 421              		@ frame_needed = 0, uses_anonymous_args = 0
 422 0280 0029     		cmp	r1, #0
 423 0282 7AD0     		beq	.L144
 424 0284 2DE9F04F 		push	{r4, r5, r6, r7, r8, r9, r10, fp, lr}
 425 0288 83B0     		sub	sp, sp, #12
 426 028a 9846     		mov	r8, r3
 427 028c 1646     		mov	r6, r2
 428 028e 8246     		mov	r10, r0
 429 0290 0D46     		mov	r5, r1
 430 0292 FFF7FEFF 		bl	__aeabi_f2d
 431 0296 6A46     		mov	r2, sp
 432 0298 FFF7FEFF 		bl	modf
 433 029c 009F     		ldr	r7, [sp]
 434 029e 019C     		ldr	r4, [sp, #4]
 435 02a0 8346     		mov	fp, r0
 436 02a2 8946     		mov	r9, r1
 437 02a4 3846     		mov	r0, r7
 438 02a6 0022     		movs	r2, #0
 439 02a8 0023     		movs	r3, #0
 440 02aa 2146     		mov	r1, r4
 441 02ac FFF7FEFF 		bl	__aeabi_dcmplt
 442 02b0 0028     		cmp	r0, #0
 443 02b2 56D1     		bne	.L161
 444              	.L134:
 445 02b4 5846     		mov	r0, fp
 446 02b6 4946     		mov	r1, r9
 447 02b8 0022     		movs	r2, #0
 448 02ba 0023     		movs	r3, #0
 449 02bc FFF7FEFF 		bl	__aeabi_dcmplt
 450 02c0 0028     		cmp	r0, #0
 451 02c2 45D1     		bne	.L162
 452 02c4 5046     		mov	r0, r10
 453 02c6 0021     		movs	r1, #0
 454 02c8 FFF7FEFF 		bl	__aeabi_fcmplt
 455 02cc 0028     		cmp	r0, #0
 456 02ce 3AD1     		bne	.L163
 457              	.L156:
 458 02d0 AA46     		mov	r10, r5
 459              	.L138:
 460 02d2 3846     		mov	r0, r7
 461 02d4 2146     		mov	r1, r4
 462 02d6 FFF7FEFF 		bl	__aeabi_d2iz
 463 02da 0023     		movs	r3, #0
 464 02dc 3246     		mov	r2, r6
 465 02de 5146     		mov	r1, r10
 466 02e0 FFF7FEFF 		bl	int_to_str
 467 02e4 0746     		mov	r7, r0
 468 02e6 0028     		cmp	r0, #0
 469 02e8 42D0     		beq	.L143
 470 02ea 5846     		mov	r0, fp
 471 02ec 4946     		mov	r1, r9
 472 02ee 0022     		movs	r2, #0
 473 02f0 234B     		ldr	r3, .L164
 474 02f2 08F1FF34 		add	r4, r8, #-1
 475 02f6 FFF7FEFF 		bl	__aeabi_dadd
 476 02fa E4B2     		uxtb	r4, r4
 477 02fc B8F1000F 		cmp	r8, #0
 478 0300 0BD0     		beq	.L141
 479 0302 4FF00008 		mov	r8, #0
 480 0306 DFF88090 		ldr	r9, .L164+8
 481              	.L142:
 482 030a 013C     		subs	r4, r4, #1
 483 030c 4246     		mov	r2, r8
 484 030e 4B46     		mov	r3, r9
 485 0310 E4B2     		uxtb	r4, r4
 486 0312 FFF7FEFF 		bl	__aeabi_dmul
 487 0316 FF2C     		cmp	r4, #255
 488 0318 F7D1     		bne	.L142
 489              	.L141:
 490 031a 0022     		movs	r2, #0
 491 031c 194B     		ldr	r3, .L164+4
 492 031e FFF7FEFF 		bl	__aeabi_dadd
 493 0322 F61B     		subs	r6, r6, r7
 494 0324 0AEB0704 		add	r4, r10, r7
 495 0328 FFF7FEFF 		bl	__aeabi_d2iz
 496 032c 3246     		mov	r2, r6
 497 032e 2146     		mov	r1, r4
 498 0330 0023     		movs	r3, #0
 499 0332 FFF7FEFF 		bl	int_to_str
 500 0336 D8B1     		cbz	r0, .L143
 501 0338 2E23     		movs	r3, #46
 502 033a 3844     		add	r0, r0, r7
 503 033c 0AF80730 		strb	r3, [r10, r7]
 504 0340 03B0     		add	sp, sp, #12
 505              		@ sp needed
 506 0342 BDE8F08F 		pop	{r4, r5, r6, r7, r8, r9, r10, fp, pc}
 507              	.L163:
 508 0346 2D23     		movs	r3, #45
 509 0348 AA46     		mov	r10, r5
 510 034a 0AF8013B 		strb	r3, [r10], #1
 511 034e C0E7     		b	.L138
 512              	.L162:
 513 0350 5046     		mov	r0, r10
 514 0352 0021     		movs	r1, #0
 515 0354 09F10049 		add	r9, r9, #-2147483648
 516 0358 FFF7FEFF 		bl	__aeabi_fcmplt
 517 035c 0028     		cmp	r0, #0
 518 035e B7D0     		beq	.L156
 519 0360 F1E7     		b	.L163
 520              	.L161:
 521 0362 04F10044 		add	r4, r4, #-2147483648
 522 0366 3A46     		mov	r2, r7
 523 0368 2346     		mov	r3, r4
 524 036a CDE90023 		strd	r2, [sp]
 525 036e A1E7     		b	.L134
 526              	.L143:
 527 0370 0020     		movs	r0, #0
 528 0372 2870     		strb	r0, [r5]
 529 0374 03B0     		add	sp, sp, #12
 530              		@ sp needed
 531 0376 BDE8F08F 		pop	{r4, r5, r6, r7, r8, r9, r10, fp, pc}
 532              	.L144:
 533 037a 0846     		mov	r0, r1
 534 037c 7047     		bx	lr
 535              	.L165:
 536 037e 00BF     		.align	2
 537              	.L164:
 538 0380 0000F03F 		.word	1072693248
 539 0384 0000E03F 		.word	1071644672
 540 0388 00002440 		.word	1076101120
 542              		.align	1
 543              		.p2align 2,,3
 544              		.global	str_duplicate
 545              		.syntax unified
 546              		.thumb
 547              		.thumb_func
 548              		.fpu softvfp
 550              	str_duplicate:
 551              		@ args = 0, pretend = 0, frame = 0
 552              		@ frame_needed = 0, uses_anonymous_args = 0
 553 038c 38B5     		push	{r3, r4, r5, lr}
 554 038e 0446     		mov	r4, r0
 555 0390 58B1     		cbz	r0, .L168
 556 0392 FFF7FEFF 		bl	strlen
 557 0396 0130     		adds	r0, r0, #1
 558 0398 FFF7FEFF 		bl	pvPortMalloc
 559 039c 0546     		mov	r5, r0
 560 039e 10B1     		cbz	r0, .L166
 561 03a0 2146     		mov	r1, r4
 562 03a2 FFF7FEFF 		bl	strcpy
 563              	.L166:
 564 03a6 2846     		mov	r0, r5
 565 03a8 38BD     		pop	{r3, r4, r5, pc}
 566              	.L168:
 567 03aa 0546     		mov	r5, r0
 568 03ac FBE7     		b	.L166
 570              		.align	1
 571 03ae 00BF     		.p2align 2,,3
 572              		.global	delay_us
 573              		.syntax unified
 574              		.thumb
 575              		.thumb_func
 576              		.fpu softvfp
 578              	delay_us:
 579              		@ args = 0, pretend = 0, frame = 8
 580              		@ frame_needed = 0, uses_anonymous_args = 0
 581              		@ link register save eliminated.
 582 03b0 82B0     		sub	sp, sp, #8
 583 03b2 0190     		str	r0, [sp, #4]
 584 03b4 019B     		ldr	r3, [sp, #4]
 585              		.syntax unified
 586              	@ 363 "app/src/utils.c" 1
 587              		1:
 588 03b6 4FF01501 		mov r1, #0x0015
 589              		2:
 590 03ba A1F10101 		sub r1, r1, #1
 591 03be 01B1     		cbz r1, 3f
 592 03c0 FBE7     		b 2b
 593              		3:
 594 03c2 A0F10100 		sub r0, r0, #1
 595 03c6 00B1     		cbz r0, 4f
 596 03c8 F5E7     		b 1b
 597              		4:
 598              		
 599              	@ 0 "" 2
 600              		.thumb
 601              		.syntax unified
 602 03ca 02B0     		add	sp, sp, #8
 603              		@ sp needed
 604 03cc 7047     		bx	lr
 606              		.align	1
 607 03ce 00BF     		.p2align 2,,3
 608              		.global	delay_ms
 609              		.syntax unified
 610              		.thumb
 611              		.thumb_func
 612              		.fpu softvfp
 614              	delay_ms:
 615              		@ args = 0, pretend = 0, frame = 8
 616              		@ frame_needed = 0, uses_anonymous_args = 0
 617              		@ link register save eliminated.
 618 03d0 82B0     		sub	sp, sp, #8
 619 03d2 0190     		str	r0, [sp, #4]
 620 03d4 019B     		ldr	r3, [sp, #4]
 621              		.syntax unified
 622              	@ 385 "app/src/utils.c" 1
 623              		1:
 624 03d6 4FF4AC41 		mov r1, #0x5600
 625              		2:
 626 03da A1F10101 		sub r1, r1, #1
 627 03de 01B1     		cbz r1, 3f
 628 03e0 FBE7     		b 2b
 629              		3:
 630 03e2 A0F10100 		sub r0, r0, #1
 631 03e6 00B1     		cbz r0, 4f
 632 03e8 F5E7     		b 1b
 633              		4:
 634              		
 635              	@ 0 "" 2
 636              		.thumb
 637              		.syntax unified
 638 03ea 02B0     		add	sp, sp, #8
 639              		@ sp needed
 640 03ec 7047     		bx	lr
 642              		.global	__aeabi_fdiv
 643              		.global	__aeabi_fmul
 644              		.align	1
 645 03ee 00BF     		.p2align 2,,3
 646              		.global	convert_to_ms
 647              		.syntax unified
 648              		.thumb
 649              		.thumb_func
 650              		.fpu softvfp
 652              	convert_to_ms:
 653              		@ args = 0, pretend = 0, frame = 8
 654              		@ frame_needed = 0, uses_anonymous_args = 0
 655 03f0 30B5     		push	{r4, r5, lr}
 656 03f2 0278     		ldrb	r2, [r0]	@ zero_extendqisi2
 657 03f4 83B0     		sub	sp, sp, #12
 658 03f6 0C46     		mov	r4, r1
 659 03f8 002A     		cmp	r2, #0
 660 03fa 3AD0     		beq	.L185
 661 03fc 0123     		movs	r3, #1
 662 03fe 0DF1FF31 		add	r1, sp, #-1
 663              	.L180:
 664 0402 42F02005 		orr	r5, r2, #32
 665 0406 10F8012F 		ldrb	r2, [r0, #1]!	@ zero_extendqisi2
 666 040a 01F8015F 		strb	r5, [r1, #1]!
 667 040e 1AB1     		cbz	r2, .L178
 668 0410 0133     		adds	r3, r3, #1
 669 0412 082B     		cmp	r3, #8
 670 0414 F5D1     		bne	.L180
 671 0416 0723     		movs	r3, #7
 672              	.L178:
 673 0418 0022     		movs	r2, #0
 674 041a 02A9     		add	r1, sp, #8
 675 041c 0B44     		add	r3, r3, r1
 676 041e 6846     		mov	r0, sp
 677 0420 1649     		ldr	r1, .L193
 678 0422 03F8082C 		strb	r2, [r3, #-8]
 679 0426 FFF7FEFF 		bl	strcmp
 680 042a B0B1     		cbz	r0, .L189
 681 042c 1449     		ldr	r1, .L193+4
 682 042e 6846     		mov	r0, sp
 683 0430 FFF7FEFF 		bl	strcmp
 684 0434 58B1     		cbz	r0, .L190
 685 0436 1349     		ldr	r1, .L193+8
 686 0438 6846     		mov	r0, sp
 687 043a FFF7FEFF 		bl	strcmp
 688 043e 90B1     		cbz	r0, .L191
 689 0440 6846     		mov	r0, sp
 690 0442 1149     		ldr	r1, .L193+12
 691 0444 FFF7FEFF 		bl	strcmp
 692 0448 A8B1     		cbz	r0, .L192
 693 044a 0020     		movs	r0, #0
 694 044c 03E0     		b	.L177
 695              	.L190:
 696 044e 2146     		mov	r1, r4
 697 0450 0E48     		ldr	r0, .L193+16
 698 0452 FFF7FEFF 		bl	__aeabi_fdiv
 699              	.L177:
 700 0456 03B0     		add	sp, sp, #12
 701              		@ sp needed
 702 0458 30BD     		pop	{r4, r5, pc}
 703              	.L189:
 704 045a 2146     		mov	r1, r4
 705 045c 0C48     		ldr	r0, .L193+20
 706 045e FFF7FEFF 		bl	__aeabi_fdiv
 707 0462 03B0     		add	sp, sp, #12
 708              		@ sp needed
 709 0464 30BD     		pop	{r4, r5, pc}
 710              	.L191:
 711 0466 2046     		mov	r0, r4
 712 0468 0849     		ldr	r1, .L193+16
 713 046a FFF7FEFF 		bl	__aeabi_fmul
 714 046e 03B0     		add	sp, sp, #12
 715              		@ sp needed
 716 0470 30BD     		pop	{r4, r5, pc}
 717              	.L185:
 718 0472 1346     		mov	r3, r2
 719 0474 D0E7     		b	.L178
 720              	.L192:
 721 0476 2046     		mov	r0, r4
 722 0478 EDE7     		b	.L177
 723              	.L194:
 724 047a 00BF     		.align	2
 725              	.L193:
 726 047c 00000000 		.word	.LC0
 727 0480 04000000 		.word	.LC1
 728 0484 08000000 		.word	.LC2
 729 0488 0C000000 		.word	.LC3
 730 048c 00007A44 		.word	1148846080
 731 0490 00606A47 		.word	1198153728
 733              		.align	1
 734              		.p2align 2,,3
 735              		.global	convert_from_ms
 736              		.syntax unified
 737              		.thumb
 738              		.thumb_func
 739              		.fpu softvfp
 741              	convert_from_ms:
 742              		@ args = 0, pretend = 0, frame = 8
 743              		@ frame_needed = 0, uses_anonymous_args = 0
 744 0494 30B5     		push	{r4, r5, lr}
 745 0496 0278     		ldrb	r2, [r0]	@ zero_extendqisi2
 746 0498 83B0     		sub	sp, sp, #12
 747 049a 0C46     		mov	r4, r1
 748 049c 002A     		cmp	r2, #0
 749 049e 3AD0     		beq	.L203
 750 04a0 0123     		movs	r3, #1
 751 04a2 0DF1FF31 		add	r1, sp, #-1
 752              	.L198:
 753 04a6 42F02005 		orr	r5, r2, #32
 754 04aa 10F8012F 		ldrb	r2, [r0, #1]!	@ zero_extendqisi2
 755 04ae 01F8015F 		strb	r5, [r1, #1]!
 756 04b2 1AB1     		cbz	r2, .L196
 757 04b4 0133     		adds	r3, r3, #1
 758 04b6 082B     		cmp	r3, #8
 759 04b8 F5D1     		bne	.L198
 760 04ba 0723     		movs	r3, #7
 761              	.L196:
 762 04bc 0022     		movs	r2, #0
 763 04be 02A9     		add	r1, sp, #8
 764 04c0 0B44     		add	r3, r3, r1
 765 04c2 6846     		mov	r0, sp
 766 04c4 1649     		ldr	r1, .L211
 767 04c6 03F8082C 		strb	r2, [r3, #-8]
 768 04ca FFF7FEFF 		bl	strcmp
 769 04ce B0B1     		cbz	r0, .L207
 770 04d0 1449     		ldr	r1, .L211+4
 771 04d2 6846     		mov	r0, sp
 772 04d4 FFF7FEFF 		bl	strcmp
 773 04d8 58B1     		cbz	r0, .L208
 774 04da 1349     		ldr	r1, .L211+8
 775 04dc 6846     		mov	r0, sp
 776 04de FFF7FEFF 		bl	strcmp
 777 04e2 90B1     		cbz	r0, .L209
 778 04e4 6846     		mov	r0, sp
 779 04e6 1149     		ldr	r1, .L211+12
 780 04e8 FFF7FEFF 		bl	strcmp
 781 04ec A8B1     		cbz	r0, .L210
 782 04ee 0020     		movs	r0, #0
 783 04f0 03E0     		b	.L195
 784              	.L208:
 785 04f2 2146     		mov	r1, r4
 786 04f4 0E48     		ldr	r0, .L211+16
 787 04f6 FFF7FEFF 		bl	__aeabi_fdiv
 788              	.L195:
 789 04fa 03B0     		add	sp, sp, #12
 790              		@ sp needed
 791 04fc 30BD     		pop	{r4, r5, pc}
 792              	.L207:
 793 04fe 2146     		mov	r1, r4
 794 0500 0C48     		ldr	r0, .L211+20
 795 0502 FFF7FEFF 		bl	__aeabi_fdiv
 796 0506 03B0     		add	sp, sp, #12
 797              		@ sp needed
 798 0508 30BD     		pop	{r4, r5, pc}
 799              	.L209:
 800 050a 2046     		mov	r0, r4
 801 050c 0849     		ldr	r1, .L211+16
 802 050e FFF7FEFF 		bl	__aeabi_fdiv
 803 0512 03B0     		add	sp, sp, #12
 804              		@ sp needed
 805 0514 30BD     		pop	{r4, r5, pc}
 806              	.L203:
 807 0516 1346     		mov	r3, r2
 808 0518 D0E7     		b	.L196
 809              	.L210:
 810 051a 2046     		mov	r0, r4
 811 051c EDE7     		b	.L195
 812              	.L212:
 813 051e 00BF     		.align	2
 814              	.L211:
 815 0520 00000000 		.word	.LC0
 816 0524 04000000 		.word	.LC1
 817 0528 08000000 		.word	.LC2
 818 052c 0C000000 		.word	.LC3
 819 0530 00007A44 		.word	1148846080
 820 0534 00606A47 		.word	1198153728
 822              		.align	1
 823              		.p2align 2,,3
 824              		.global	ringbuff_create
 825              		.syntax unified
 826              		.thumb
 827              		.thumb_func
 828              		.fpu softvfp
 830              	ringbuff_create:
 831              		@ args = 0, pretend = 0, frame = 0
 832              		@ frame_needed = 0, uses_anonymous_args = 0
 833 0538 38B5     		push	{r3, r4, r5, lr}
 834 053a 0546     		mov	r5, r0
 835 053c 1020     		movs	r0, #16
 836 053e FFF7FEFF 		bl	pvPortMalloc
 837 0542 0446     		mov	r4, r0
 838 0544 48B1     		cbz	r0, .L213
 839 0546 0023     		movs	r3, #0
 840 0548 C560     		str	r5, [r0, #12]
 841 054a 2846     		mov	r0, r5
 842 054c C4E90033 		strd	r3, r3, [r4]
 843 0550 FFF7FEFF 		bl	pvPortMalloc
 844 0554 0546     		mov	r5, r0
 845 0556 A060     		str	r0, [r4, #8]
 846 0558 08B1     		cbz	r0, .L219
 847              	.L213:
 848 055a 2046     		mov	r0, r4
 849 055c 38BD     		pop	{r3, r4, r5, pc}
 850              	.L219:
 851 055e 2046     		mov	r0, r4
 852 0560 FFF7FEFF 		bl	vPortFree
 853 0564 2C46     		mov	r4, r5
 854 0566 F8E7     		b	.L213
 856              		.align	1
 857              		.p2align 2,,3
 858              		.global	ringbuff_destroy
 859              		.syntax unified
 860              		.thumb
 861              		.thumb_func
 862              		.fpu softvfp
 864              	ringbuff_destroy:
 865              		@ args = 0, pretend = 0, frame = 0
 866              		@ frame_needed = 0, uses_anonymous_args = 0
 867 0568 50B1     		cbz	r0, .L220
 868 056a 10B5     		push	{r4, lr}
 869 056c 0446     		mov	r4, r0
 870 056e 8068     		ldr	r0, [r0, #8]
 871 0570 08B1     		cbz	r0, .L222
 872 0572 FFF7FEFF 		bl	vPortFree
 873              	.L222:
 874 0576 2046     		mov	r0, r4
 875 0578 BDE81040 		pop	{r4, lr}
 876 057c FFF7FEBF 		b	vPortFree
 877              	.L220:
 878 0580 7047     		bx	lr
 880              		.align	1
 881 0582 00BF     		.p2align 2,,3
 882              		.global	ringbuff_write
 883              		.syntax unified
 884              		.thumb
 885              		.thumb_func
 886              		.fpu softvfp
 888              	ringbuff_write:
 889              		@ args = 0, pretend = 0, frame = 8
 890              		@ frame_needed = 0, uses_anonymous_args = 0
 891              		@ link register save eliminated.
 892 0584 0023     		movs	r3, #0
 893 0586 F0B4     		push	{r4, r5, r6, r7}
 894 0588 82B0     		sub	sp, sp, #8
 895 058a 8DF80730 		strb	r3, [sp, #7]
 896 058e 61B3     		cbz	r1, .L234
 897 0590 8C46     		mov	ip, r1
 898              	.L230:
 899 0592 6AB3     		cbz	r2, .L235
 900 0594 0368     		ldr	r3, [r0]
 901 0596 C568     		ldr	r5, [r0, #12]
 902 0598 5E1C     		adds	r6, r3, #1
 903 059a B6FBF5F4 		udiv	r4, r6, r5
 904 059e 05FB1464 		mls	r4, r5, r4, r6
 905 05a2 4568     		ldr	r5, [r0, #4]
 906 05a4 0027     		movs	r7, #0
 907 05a6 A542     		cmp	r5, r4
 908 05a8 07D1     		bne	.L233
 909 05aa 1AE0     		b	.L229
 910              	.L243:
 911 05ac B6FBF4F5 		udiv	r5, r6, r4
 912 05b0 04FB1564 		mls	r4, r4, r5, r6
 913 05b4 4568     		ldr	r5, [r0, #4]
 914 05b6 A542     		cmp	r5, r4
 915 05b8 13D0     		beq	.L229
 916              	.L233:
 917 05ba 9CF80050 		ldrb	r5, [ip]	@ zero_extendqisi2
 918 05be 8468     		ldr	r4, [r0, #8]
 919 05c0 0137     		adds	r7, r7, #1
 920 05c2 E554     		strb	r5, [r4, r3]
 921 05c4 09B1     		cbz	r1, .L232
 922 05c6 0CF1010C 		add	ip, ip, #1
 923              	.L232:
 924 05ca 0368     		ldr	r3, [r0]
 925 05cc C468     		ldr	r4, [r0, #12]
 926 05ce 0133     		adds	r3, r3, #1
 927 05d0 B3FBF4F5 		udiv	r5, r3, r4
 928 05d4 04FB1533 		mls	r3, r4, r5, r3
 929 05d8 BA42     		cmp	r2, r7
 930 05da 03F10106 		add	r6, r3, #1
 931 05de 0360     		str	r3, [r0]
 932 05e0 E4D1     		bne	.L243
 933              	.L229:
 934 05e2 3846     		mov	r0, r7
 935 05e4 02B0     		add	sp, sp, #8
 936              		@ sp needed
 937 05e6 F0BC     		pop	{r4, r5, r6, r7}
 938 05e8 7047     		bx	lr
 939              	.L234:
 940 05ea 0DF1070C 		add	ip, sp, #7
 941 05ee D0E7     		b	.L230
 942              	.L235:
 943 05f0 1746     		mov	r7, r2
 944 05f2 F6E7     		b	.L229
 946              		.align	1
 947              		.p2align 2,,3
 948              		.global	ringbuff_read
 949              		.syntax unified
 950              		.thumb
 951              		.thumb_func
 952              		.fpu softvfp
 954              	ringbuff_read:
 955              		@ args = 0, pretend = 0, frame = 0
 956              		@ frame_needed = 0, uses_anonymous_args = 0
 957              		@ link register save eliminated.
 958 05f4 F0B4     		push	{r4, r5, r6, r7}
 959 05f6 EAB1     		cbz	r2, .L249
 960 05f8 D0E90043 		ldrd	r4, r3, [r0]
 961 05fc A342     		cmp	r3, r4
 962 05fe 19D0     		beq	.L249
 963 0600 0E46     		mov	r6, r1
 964 0602 0024     		movs	r4, #0
 965 0604 02E0     		b	.L247
 966              	.L256:
 967 0606 0568     		ldr	r5, [r0]
 968 0608 AB42     		cmp	r3, r5
 969 060a 10D0     		beq	.L244
 970              	.L247:
 971 060c 0134     		adds	r4, r4, #1
 972 060e 29B1     		cbz	r1, .L246
 973 0610 8568     		ldr	r5, [r0, #8]
 974 0612 0136     		adds	r6, r6, #1
 975 0614 EB5C     		ldrb	r3, [r5, r3]	@ zero_extendqisi2
 976 0616 06F8013C 		strb	r3, [r6, #-1]
 977 061a 4368     		ldr	r3, [r0, #4]
 978              	.L246:
 979 061c C568     		ldr	r5, [r0, #12]
 980 061e 0133     		adds	r3, r3, #1
 981 0620 B3FBF5F7 		udiv	r7, r3, r5
 982 0624 05FB1733 		mls	r3, r5, r7, r3
 983 0628 A242     		cmp	r2, r4
 984 062a 4360     		str	r3, [r0, #4]
 985 062c EBD1     		bne	.L256
 986              	.L244:
 987 062e 2046     		mov	r0, r4
 988 0630 F0BC     		pop	{r4, r5, r6, r7}
 989 0632 7047     		bx	lr
 990              	.L249:
 991 0634 0024     		movs	r4, #0
 992 0636 2046     		mov	r0, r4
 993 0638 F0BC     		pop	{r4, r5, r6, r7}
 994 063a 7047     		bx	lr
 996              		.align	1
 997              		.p2align 2,,3
 998              		.global	ringbuff_read_until
 999              		.syntax unified
 1000              		.thumb
 1001              		.thumb_func
 1002              		.fpu softvfp
 1004              	ringbuff_read_until:
 1005              		@ args = 0, pretend = 0, frame = 8
 1006              		@ frame_needed = 0, uses_anonymous_args = 0
 1007 063c 2DE9F04F 		push	{r4, r5, r6, r7, r8, r9, r10, fp, lr}
 1008 0640 83B0     		sub	sp, sp, #12
 1009 0642 0029     		cmp	r1, #0
 1010 0644 3FD0     		beq	.L278
 1011 0646 D0E9009B 		ldrd	r9, fp, [r0]
 1012 064a CB45     		cmp	fp, r9
 1013 064c 0F46     		mov	r7, r1
 1014 064e 41D0     		beq	.L266
 1015              	.L279:
 1016 0650 D0E902AC 		ldrd	r10, ip, [r0, #8]
 1017 0654 5C46     		mov	r4, fp
 1018 0656 0026     		movs	r6, #0
 1019              	.L261:
 1020 0658 651C     		adds	r5, r4, #1
 1021 065a B5FBFCF8 		udiv	r8, r5, ip
 1022 065e 1AF804E0 		ldrb	lr, [r10, r4]	@ zero_extendqisi2
 1023 0662 0CFB1854 		mls	r4, ip, r8, r5
 1024 0666 7345     		cmp	r3, lr
 1025 0668 08BF     		it	eq
 1026 066a 0136     		addeq	r6, r6, #1
 1027 066c A145     		cmp	r9, r4
 1028 066e F3D1     		bne	.L261
 1029 0670 2EB3     		cbz	r6, .L257
 1030 0672 7AB3     		cbz	r2, .L266
 1031 0674 1AF80B40 		ldrb	r4, [r10, fp]	@ zero_extendqisi2
 1032 0678 3C70     		strb	r4, [r7]
 1033 067a 4468     		ldr	r4, [r0, #4]
 1034 067c C568     		ldr	r5, [r0, #12]
 1035 067e 0134     		adds	r4, r4, #1
 1036 0680 B4FBF5F6 		udiv	r6, r4, r5
 1037 0684 05FB1644 		mls	r4, r5, r6, r4
 1038 0688 4460     		str	r4, [r0, #4]
 1039 068a 3D78     		ldrb	r5, [r7]	@ zero_extendqisi2
 1040 068c 0126     		movs	r6, #1
 1041 068e 9D42     		cmp	r5, r3
 1042 0690 15D0     		beq	.L257
 1043              	.L262:
 1044 0692 01B1     		cbz	r1, .L263
 1045 0694 0137     		adds	r7, r7, #1
 1046              	.L263:
 1047 0696 B242     		cmp	r2, r6
 1048 0698 11D0     		beq	.L257
 1049 069a 0568     		ldr	r5, [r0]
 1050 069c A542     		cmp	r5, r4
 1051 069e 0ED0     		beq	.L257
 1052 06a0 8568     		ldr	r5, [r0, #8]
 1053 06a2 0136     		adds	r6, r6, #1
 1054 06a4 2C5D     		ldrb	r4, [r5, r4]	@ zero_extendqisi2
 1055 06a6 3C70     		strb	r4, [r7]
 1056 06a8 4468     		ldr	r4, [r0, #4]
 1057 06aa C568     		ldr	r5, [r0, #12]
 1058 06ac 0134     		adds	r4, r4, #1
 1059 06ae B4FBF5FC 		udiv	ip, r4, r5
 1060 06b2 05FB1C44 		mls	r4, r5, ip, r4
 1061 06b6 4460     		str	r4, [r0, #4]
 1062 06b8 3D78     		ldrb	r5, [r7]	@ zero_extendqisi2
 1063 06ba 9D42     		cmp	r5, r3
 1064 06bc E9D1     		bne	.L262
 1065              	.L257:
 1066 06be 3046     		mov	r0, r6
 1067 06c0 03B0     		add	sp, sp, #12
 1068              		@ sp needed
 1069 06c2 BDE8F08F 		pop	{r4, r5, r6, r7, r8, r9, r10, fp, pc}
 1070              	.L278:
 1071 06c6 D0E9009B 		ldrd	r9, fp, [r0]
 1072 06ca CB45     		cmp	fp, r9
 1073 06cc C268     		ldr	r2, [r0, #12]
 1074 06ce 0DF10707 		add	r7, sp, #7
 1075 06d2 BDD1     		bne	.L279
 1076              	.L266:
 1077 06d4 0026     		movs	r6, #0
 1078 06d6 3046     		mov	r0, r6
 1079 06d8 03B0     		add	sp, sp, #12
 1080              		@ sp needed
 1081 06da BDE8F08F 		pop	{r4, r5, r6, r7, r8, r9, r10, fp, pc}
 1083              		.align	1
 1084 06de 00BF     		.p2align 2,,3
 1085              		.global	ringbuffer_used_space
 1086              		.syntax unified
 1087              		.thumb
 1088              		.thumb_func
 1089              		.fpu softvfp
 1091              	ringbuffer_used_space:
 1092              		@ args = 0, pretend = 0, frame = 0
 1093              		@ frame_needed = 0, uses_anonymous_args = 0
 1094              		@ link register save eliminated.
 1095 06e0 C268     		ldr	r2, [r0, #12]
 1096 06e2 D0E90031 		ldrd	r3, r1, [r0]
 1097 06e6 5B1A     		subs	r3, r3, r1
 1098 06e8 B3FBF2F0 		udiv	r0, r3, r2
 1099 06ec 02FB1030 		mls	r0, r2, r0, r3
 1100 06f0 7047     		bx	lr
 1102              		.align	1
 1103 06f2 00BF     		.p2align 2,,3
 1104              		.global	ringbuff_available_space
 1105              		.syntax unified
 1106              		.thumb
 1107              		.thumb_func
 1108              		.fpu softvfp
 1110              	ringbuff_available_space:
 1111              		@ args = 0, pretend = 0, frame = 0
 1112              		@ frame_needed = 0, uses_anonymous_args = 0
 1113              		@ link register save eliminated.
 1114 06f4 D0E90032 		ldrd	r3, r2, [r0]
 1115 06f8 C068     		ldr	r0, [r0, #12]
 1116 06fa 9B1A     		subs	r3, r3, r2
 1117 06fc B3FBF0F2 		udiv	r2, r3, r0
 1118 0700 00FB1233 		mls	r3, r0, r2, r3
 1119 0704 C01A     		subs	r0, r0, r3
 1120 0706 7047     		bx	lr
 1122              		.align	1
 1123              		.p2align 2,,3
 1124              		.global	ringbuff_is_full
 1125              		.syntax unified
 1126              		.thumb
 1127              		.thumb_func
 1128              		.fpu softvfp
 1130              	ringbuff_is_full:
 1131              		@ args = 0, pretend = 0, frame = 0
 1132              		@ frame_needed = 0, uses_anonymous_args = 0
 1133              		@ link register save eliminated.
 1134 0708 0368     		ldr	r3, [r0]
 1135 070a C168     		ldr	r1, [r0, #12]
 1136 070c 0133     		adds	r3, r3, #1
 1137 070e B3FBF1F2 		udiv	r2, r3, r1
 1138 0712 01FB1233 		mls	r3, r1, r2, r3
 1139 0716 4068     		ldr	r0, [r0, #4]
 1140 0718 181A     		subs	r0, r3, r0
 1141 071a B0FA80F0 		clz	r0, r0
 1142 071e 4009     		lsrs	r0, r0, #5
 1143 0720 7047     		bx	lr
 1145              		.align	1
 1146 0722 00BF     		.p2align 2,,3
 1147              		.global	ringbuff_is_empty
 1148              		.syntax unified
 1149              		.thumb
 1150              		.thumb_func
 1151              		.fpu softvfp
 1153              	ringbuff_is_empty:
 1154              		@ args = 0, pretend = 0, frame = 0
 1155              		@ frame_needed = 0, uses_anonymous_args = 0
 1156              		@ link register save eliminated.
 1157 0724 D0E90020 		ldrd	r2, r0, [r0]
 1158 0728 101A     		subs	r0, r2, r0
 1159 072a B0FA80F0 		clz	r0, r0
 1160 072e 4009     		lsrs	r0, r0, #5
 1161 0730 7047     		bx	lr
 1163              		.align	1
 1164 0732 00BF     		.p2align 2,,3
 1165              		.global	ringbuff_flush
 1166              		.syntax unified
 1167              		.thumb
 1168              		.thumb_func
 1169              		.fpu softvfp
 1171              	ringbuff_flush:
 1172              		@ args = 0, pretend = 0, frame = 0
 1173              		@ frame_needed = 0, uses_anonymous_args = 0
 1174              		@ link register save eliminated.
 1175 0734 10B1     		cbz	r0, .L284
 1176 0736 0023     		movs	r3, #0
 1177 0738 C0E90033 		strd	r3, r3, [r0]
 1178              	.L284:
 1179 073c 7047     		bx	lr
 1181              		.align	1
 1182 073e 00BF     		.p2align 2,,3
 1183              		.global	ringbuff_count
 1184              		.syntax unified
 1185              		.thumb
 1186              		.thumb_func
 1187              		.fpu softvfp
 1189              	ringbuff_count:
 1190              		@ args = 0, pretend = 0, frame = 0
 1191              		@ frame_needed = 0, uses_anonymous_args = 0
 1192              		@ link register save eliminated.
 1193 0740 F0B4     		push	{r4, r5, r6, r7}
 1194 0742 D0E90073 		ldrd	r7, r3, [r0]
 1195 0746 BB42     		cmp	r3, r7
 1196 0748 11D0     		beq	.L293
 1197 074a 0246     		mov	r2, r0
 1198 074c 0020     		movs	r0, #0
 1199 074e D2E902C4 		ldrd	ip, r4, [r2, #8]
 1200              	.L292:
 1201 0752 5A1C     		adds	r2, r3, #1
 1202 0754 B2FBF4F6 		udiv	r6, r2, r4
 1203 0758 1CF80350 		ldrb	r5, [ip, r3]	@ zero_extendqisi2
 1204 075c 04FB1623 		mls	r3, r4, r6, r2
 1205 0760 8D42     		cmp	r5, r1
 1206 0762 08BF     		it	eq
 1207 0764 0130     		addeq	r0, r0, #1
 1208 0766 9F42     		cmp	r7, r3
 1209 0768 F3D1     		bne	.L292
 1210 076a F0BC     		pop	{r4, r5, r6, r7}
 1211 076c 7047     		bx	lr
 1212              	.L293:
 1213 076e 0020     		movs	r0, #0
 1214 0770 F0BC     		pop	{r4, r5, r6, r7}
 1215 0772 7047     		bx	lr
 1217              		.align	1
 1218              		.p2align 2,,3
 1219              		.global	ringbuff_peek
 1220              		.syntax unified
 1221              		.thumb
 1222              		.thumb_func
 1223              		.fpu softvfp
 1225              	ringbuff_peek:
 1226              		@ args = 0, pretend = 0, frame = 0
 1227              		@ frame_needed = 0, uses_anonymous_args = 0
 1228              		@ link register save eliminated.
 1229 0774 70B4     		push	{r4, r5, r6}
 1230 0776 D0E90063 		ldrd	r6, r3, [r0]
 1231 077a A2B1     		cbz	r2, .L296
 1232 077c B342     		cmp	r3, r6
 1233 077e 12D0     		beq	.L296
 1234 0780 551E     		subs	r5, r2, #1
 1235 0782 EDB2     		uxtb	r5, r5
 1236 0784 0135     		adds	r5, r5, #1
 1237 0786 0D44     		add	r5, r5, r1
 1238 0788 01E0     		b	.L298
 1239              	.L305:
 1240 078a 9E42     		cmp	r6, r3
 1241 078c 0BD0     		beq	.L296
 1242              	.L298:
 1243 078e 8268     		ldr	r2, [r0, #8]
 1244 0790 5C1C     		adds	r4, r3, #1
 1245 0792 D35C     		ldrb	r3, [r2, r3]	@ zero_extendqisi2
 1246 0794 01F8013B 		strb	r3, [r1], #1
 1247 0798 C268     		ldr	r2, [r0, #12]
 1248 079a 8D42     		cmp	r5, r1
 1249 079c B4FBF2F3 		udiv	r3, r4, r2
 1250 07a0 02FB1343 		mls	r3, r2, r3, r4
 1251 07a4 F1D1     		bne	.L305
 1252              	.L296:
 1253 07a6 70BC     		pop	{r4, r5, r6}
 1254 07a8 7047     		bx	lr
 1256              		.align	1
 1257 07aa 00BF     		.p2align 2,,3
 1258              		.global	ringbuff_search
 1259              		.syntax unified
 1260              		.thumb
 1261              		.thumb_func
 1262              		.fpu softvfp
 1264              	ringbuff_search:
 1265              		@ args = 0, pretend = 0, frame = 8
 1266              		@ frame_needed = 0, uses_anonymous_args = 0
 1267 07ac 2DE9F04F 		push	{r4, r5, r6, r7, r8, r9, r10, fp, lr}
 1268 07b0 D0E900C3 		ldrd	ip, r3, [r0]
 1269 07b4 83B0     		sub	sp, sp, #12
 1270 07b6 0190     		str	r0, [sp, #4]
 1271 07b8 D1B3     		cbz	r1, .L320
 1272 07ba 0020     		movs	r0, #0
 1273              	.L308:
 1274 07bc 6345     		cmp	r3, ip
 1275 07be 37D0     		beq	.L320
 1276 07c0 019C     		ldr	r4, [sp, #4]
 1277 07c2 91F80090 		ldrb	r9, [r1]	@ zero_extendqisi2
 1278 07c6 A768     		ldr	r7, [r4, #8]
 1279 07c8 E468     		ldr	r4, [r4, #12]
 1280 07ca 02E0     		b	.L310
 1281              	.L329:
 1282 07cc 9C45     		cmp	ip, r3
 1283 07ce 7046     		mov	r0, lr
 1284 07d0 2ED0     		beq	.L320
 1285              	.L310:
 1286 07d2 5D1C     		adds	r5, r3, #1
 1287 07d4 B5FBF4F8 		udiv	r8, r5, r4
 1288 07d8 FE5C     		ldrb	r6, [r7, r3]	@ zero_extendqisi2
 1289 07da 00F1010E 		add	lr, r0, #1
 1290 07de B145     		cmp	r9, r6
 1291 07e0 04FB1853 		mls	r3, r4, r8, r5
 1292 07e4 F2D1     		bne	.L329
 1293 07e6 012A     		cmp	r2, #1
 1294 07e8 24D0     		beq	.L306
 1295 07ea 9C45     		cmp	ip, r3
 1296 07ec 20D0     		beq	.L320
 1297 07ee 5D1C     		adds	r5, r3, #1
 1298 07f0 B5FBF4F8 		udiv	r8, r5, r4
 1299 07f4 FE5C     		ldrb	r6, [r7, r3]	@ zero_extendqisi2
 1300 07f6 91F80190 		ldrb	r9, [r1, #1]	@ zero_extendqisi2
 1301 07fa 04FB1853 		mls	r3, r4, r8, r5
 1302 07fe B145     		cmp	r9, r6
 1303 0800 01F10108 		add	r8, r1, #1
 1304 0804 19D1     		bne	.L321
 1305 0806 022A     		cmp	r2, #2
 1306 0808 14D0     		beq	.L306
 1307 080a 0225     		movs	r5, #2
 1308 080c 0CE0     		b	.L313
 1309              	.L315:
 1310 080e B6FBF4FB 		udiv	fp, r6, r4
 1311 0812 17F80390 		ldrb	r9, [r7, r3]	@ zero_extendqisi2
 1312 0816 18F801AF 		ldrb	r10, [r8, #1]!	@ zero_extendqisi2
 1313 081a 04FB1B63 		mls	r3, r4, fp, r6
 1314 081e CA45     		cmp	r10, r9
 1315 0820 0CD1     		bne	.L311
 1316 0822 0135     		adds	r5, r5, #1
 1317 0824 AA42     		cmp	r2, r5
 1318 0826 05D0     		beq	.L306
 1319              	.L313:
 1320 0828 9C45     		cmp	ip, r3
 1321 082a 03F10106 		add	r6, r3, #1
 1322 082e EED1     		bne	.L315
 1323              	.L320:
 1324 0830 4FF0FF30 		mov	r0, #-1
 1325              	.L306:
 1326 0834 03B0     		add	sp, sp, #12
 1327              		@ sp needed
 1328 0836 BDE8F08F 		pop	{r4, r5, r6, r7, r8, r9, r10, fp, pc}
 1329              	.L321:
 1330 083a 0125     		movs	r5, #1
 1331              	.L311:
 1332 083c 05EB0E00 		add	r0, r5, lr
 1333 0840 BCE7     		b	.L308
 1335              		.align	1
 1336 0842 00BF     		.p2align 2,,3
 1337              		.global	ringbuff_search2
 1338              		.syntax unified
 1339              		.thumb
 1340              		.thumb_func
 1341              		.fpu softvfp
 1343              	ringbuff_search2:
 1344              		@ args = 0, pretend = 0, frame = 0
 1345              		@ frame_needed = 0, uses_anonymous_args = 0
 1346 0844 51B3     		cbz	r1, .L342
 1347 0846 2DE9F043 		push	{r4, r5, r6, r7, r8, r9, lr}
 1348 084a D0E90139 		ldrd	r3, r9, [r0, #4]
 1349 084e 0E46     		mov	r6, r1
 1350 0850 4FF00008 		mov	r8, #0
 1351 0854 C768     		ldr	r7, [r0, #12]
 1352 0856 08E0     		b	.L335
 1353              	.L332:
 1354 0858 0E46     		mov	r6, r1
 1355 085a 4FF00008 		mov	r8, #0
 1356 085e 0A2D     		cmp	r5, #10
 1357 0860 08BF     		it	eq
 1358 0862 4360     		streq	r3, [r0, #4]
 1359              	.L333:
 1360 0864 0468     		ldr	r4, [r0]
 1361 0866 9C42     		cmp	r4, r3
 1362 0868 14D0     		beq	.L346
 1363              	.L335:
 1364 086a 5C1C     		adds	r4, r3, #1
 1365 086c B4FBF7FE 		udiv	lr, r4, r7
 1366 0870 19F80350 		ldrb	r5, [r9, r3]	@ zero_extendqisi2
 1367 0874 96F800C0 		ldrb	ip, [r6]	@ zero_extendqisi2
 1368 0878 07FB1E43 		mls	r3, r7, lr, r4
 1369 087c AC45     		cmp	ip, r5
 1370 087e EBD1     		bne	.L332
 1371 0880 08F10108 		add	r8, r8, #1
 1372 0884 9045     		cmp	r8, r2
 1373 0886 06F10106 		add	r6, r6, #1
 1374 088a EBD1     		bne	.L333
 1375 088c 4360     		str	r3, [r0, #4]
 1376 088e 0120     		movs	r0, #1
 1377 0890 BDE8F083 		pop	{r4, r5, r6, r7, r8, r9, pc}
 1378              	.L346:
 1379 0894 4FF0FF30 		mov	r0, #-1
 1380 0898 BDE8F083 		pop	{r4, r5, r6, r7, r8, r9, pc}
 1381              	.L342:
 1382 089c 4FF0FF30 		mov	r0, #-1
 1383 08a0 7047     		bx	lr
 1385              		.align	1
 1386 08a2 00BF     		.p2align 2,,3
 1387              		.global	select_item
 1388              		.syntax unified
 1389              		.thumb
 1390              		.thumb_func
 1391              		.fpu softvfp
 1393              	select_item:
 1394              		@ args = 0, pretend = 0, frame = 8
 1395              		@ frame_needed = 0, uses_anonymous_args = 0
 1396 08a4 0378     		ldrb	r3, [r0]	@ zero_extendqisi2
 1397 08a6 3E2B     		cmp	r3, #62
 1398 08a8 34D0     		beq	.L360
 1399 08aa 2DE9F043 		push	{r4, r5, r6, r7, r8, r9, lr}
 1400 08ae 0027     		movs	r7, #0
 1401 08b0 83B0     		sub	sp, sp, #12
 1402 08b2 0646     		mov	r6, r0
 1403 08b4 4FF02009 		mov	r9, #32
 1404 08b8 3C46     		mov	r4, r7
 1405 08ba 3D46     		mov	r5, r7
 1406 08bc 4FF03E08 		mov	r8, #62
 1407 08c0 05E0     		b	.L349
 1408              	.L364:
 1409 08c2 86F80080 		strb	r8, [r6]
 1410              	.L351:
 1411 08c6 032C     		cmp	r4, #3
 1412 08c8 28BF     		it	cs
 1413 08ca 0024     		movcs	r4, #0
 1414 08cc 0135     		adds	r5, r5, #1
 1415              	.L349:
 1416 08ce 3046     		mov	r0, r6
 1417 08d0 FFF7FEFF 		bl	strlen
 1418 08d4 0330     		adds	r0, r0, #3
 1419 08d6 02AB     		add	r3, sp, #8
 1420 08d8 A842     		cmp	r0, r5
 1421 08da 2344     		add	r3, r3, r4
 1422 08dc 14D9     		bls	.L363
 1423 08de 725D     		ldrb	r2, [r6, r5]	@ zero_extendqisi2
 1424 08e0 0134     		adds	r4, r4, #1
 1425 08e2 03F8042C 		strb	r2, [r3, #-4]
 1426 08e6 002D     		cmp	r5, #0
 1427 08e8 EBD0     		beq	.L364
 1428 08ea 012D     		cmp	r5, #1
 1429 08ec 07F10103 		add	r3, r7, #1
 1430 08f0 0DD0     		beq	.L365
 1431 08f2 02AA     		add	r2, sp, #8
 1432 08f4 032B     		cmp	r3, #3
 1433 08f6 3A44     		add	r2, r2, r7
 1434 08f8 38BF     		it	cc
 1435 08fa 1F46     		movcc	r7, r3
 1436 08fc 12F8043C 		ldrb	r3, [r2, #-4]	@ zero_extendqisi2
 1437 0900 28BF     		it	cs
 1438 0902 0027     		movcs	r7, #0
 1439 0904 7355     		strb	r3, [r6, r5]
 1440 0906 DEE7     		b	.L351
 1441              	.L363:
 1442 0908 03B0     		add	sp, sp, #12
 1443              		@ sp needed
 1444 090a BDE8F083 		pop	{r4, r5, r6, r7, r8, r9, pc}
 1445              	.L365:
 1446 090e 86F80190 		strb	r9, [r6, #1]
 1447 0912 D8E7     		b	.L351
 1448              	.L360:
 1449 0914 7047     		bx	lr
 1451              		.align	1
 1452 0916 00BF     		.p2align 2,,3
 1453              		.global	deselect_item
 1454              		.syntax unified
 1455              		.thumb
 1456              		.thumb_func
 1457              		.fpu softvfp
 1459              	deselect_item:
 1460              		@ args = 0, pretend = 0, frame = 0
 1461              		@ frame_needed = 0, uses_anonymous_args = 0
 1462 0918 38B5     		push	{r3, r4, r5, lr}
 1463 091a 0378     		ldrb	r3, [r0]	@ zero_extendqisi2
 1464 091c 3E2B     		cmp	r3, #62
 1465 091e 00D0     		beq	.L371
 1466 0920 38BD     		pop	{r3, r4, r5, pc}
 1467              	.L371:
 1468 0922 0546     		mov	r5, r0
 1469 0924 0446     		mov	r4, r0
 1470 0926 02E0     		b	.L368
 1471              	.L369:
 1472 0928 A378     		ldrb	r3, [r4, #2]	@ zero_extendqisi2
 1473 092a 04F8013B 		strb	r3, [r4], #1
 1474              	.L368:
 1475 092e 2846     		mov	r0, r5
 1476 0930 FFF7FEFF 		bl	strlen
 1477 0934 631B     		subs	r3, r4, r5
 1478 0936 0138     		subs	r0, r0, #1
 1479 0938 9842     		cmp	r0, r3
 1480 093a F5D8     		bhi	.L369
 1481 093c 38BD     		pop	{r3, r4, r5, pc}
 1483              		.align	1
 1484 093e 00BF     		.p2align 2,,3
 1485              		.global	str_to_hex
 1486              		.syntax unified
 1487              		.thumb
 1488              		.thumb_func
 1489              		.fpu softvfp
 1491              	str_to_hex:
 1492              		@ args = 0, pretend = 0, frame = 8
 1493              		@ frame_needed = 0, uses_anonymous_args = 0
 1494              		@ link register save eliminated.
 1495 0940 F0B4     		push	{r4, r5, r6, r7}
 1496 0942 0546     		mov	r5, r0
 1497 0944 82B0     		sub	sp, sp, #8
 1498 0946 0028     		cmp	r0, #0
 1499 0948 35D0     		beq	.L373
 1500 094a 0029     		cmp	r1, #0
 1501 094c 32D0     		beq	.L380
 1502 094e 4F1E     		subs	r7, r1, #1
 1503 0950 9DF80560 		ldrb	r6, [sp, #5]	@ zero_extendqisi2
 1504 0954 0020     		movs	r0, #0
 1505 0956 16E0     		b	.L374
 1506              	.L385:
 1507 0958 44F02004 		orr	r4, r4, #32
 1508 095c A4F13006 		sub	r6, r4, #48
 1509 0960 F6B2     		uxtb	r6, r6
 1510 0962 092E     		cmp	r6, #9
 1511 0964 06D9     		bls	.L377
 1512 0966 A4F16101 		sub	r1, r4, #97
 1513 096a 0529     		cmp	r1, #5
 1514 096c 8EBF     		itee	hi
 1515 096e 2646     		movhi	r6, r4
 1516 0970 573C     		subls	r4, r4, #87
 1517 0972 E6B2     		uxtbls	r6, r4
 1518              	.L377:
 1519 0974 0235     		adds	r5, r5, #2
 1520              	.L376:
 1521 0976 0130     		adds	r0, r0, #1
 1522 0978 80B2     		uxth	r0, r0
 1523 097a 06EB0313 		add	r3, r6, r3, lsl #4
 1524 097e 9042     		cmp	r0, r2
 1525 0980 07F8013F 		strb	r3, [r7, #1]!
 1526 0984 17D2     		bcs	.L373
 1527              	.L374:
 1528 0986 2C78     		ldrb	r4, [r5]	@ zero_extendqisi2
 1529 0988 ACB1     		cbz	r4, .L373
 1530 098a 44F02004 		orr	r4, r4, #32
 1531 098e A4F13003 		sub	r3, r4, #48
 1532 0992 DBB2     		uxtb	r3, r3
 1533 0994 092B     		cmp	r3, #9
 1534 0996 07D9     		bls	.L375
 1535 0998 A4F16103 		sub	r3, r4, #97
 1536 099c 052B     		cmp	r3, #5
 1537 099e 8EBF     		itee	hi
 1538 09a0 2346     		movhi	r3, r4
 1539 09a2 A4F15703 		subls	r3, r4, #87
 1540 09a6 DBB2     		uxtbls	r3, r3
 1541              	.L375:
 1542 09a8 6C78     		ldrb	r4, [r5, #1]	@ zero_extendqisi2
 1543 09aa 691C     		adds	r1, r5, #1
 1544 09ac 002C     		cmp	r4, #0
 1545 09ae D3D1     		bne	.L385
 1546 09b0 0D46     		mov	r5, r1
 1547 09b2 E0E7     		b	.L376
 1548              	.L380:
 1549 09b4 0846     		mov	r0, r1
 1550              	.L373:
 1551 09b6 02B0     		add	sp, sp, #8
 1552              		@ sp needed
 1553 09b8 F0BC     		pop	{r4, r5, r6, r7}
 1554 09ba 7047     		bx	lr
 1556              		.section	.rodata.str1.4,"aMS",%progbits,1
 1557              		.align	2
 1558              	.LC0:
 1559 0000 62706D00 		.ascii	"bpm\000"
 1560              	.LC1:
 1561 0004 687A00   		.ascii	"hz\000"
 1562 0007 00       		.space	1
 1563              	.LC2:
 1564 0008 7300     		.ascii	"s\000"
 1565 000a 0000     		.space	2
 1566              	.LC3:
 1567 000c 6D7300   		.ascii	"ms\000"
 1568              		.ident	"GCC: (GNU Tools for Arm Embedded Processors 7-2018-q3-update) 7.3.1 20180622 (release) [AR
DEFINED SYMBOLS
                            *ABS*:0000000000000000 utils.c
     /tmp/cc2PnVbM.s:13     .text:0000000000000000 $t
     /tmp/cc2PnVbM.s:21     .text:0000000000000000 copy_command
     /tmp/cc2PnVbM.s:63     .text:0000000000000034 strarr_split
     /tmp/cc2PnVbM.s:220    .text:0000000000000144 strarr_length
     /tmp/cc2PnVbM.s:248    .text:0000000000000160 strarr_join
     /tmp/cc2PnVbM.s:293    .text:00000000000001a0 int_to_str
     /tmp/cc2PnVbM.s:402    .text:0000000000000278 $d
     /tmp/cc2PnVbM.s:411    .text:0000000000000280 $t
     /tmp/cc2PnVbM.s:419    .text:0000000000000280 float_to_str
     /tmp/cc2PnVbM.s:538    .text:0000000000000380 $d
     /tmp/cc2PnVbM.s:542    .text:000000000000038c $t
     /tmp/cc2PnVbM.s:550    .text:000000000000038c str_duplicate
     /tmp/cc2PnVbM.s:578    .text:00000000000003b0 delay_us
     /tmp/cc2PnVbM.s:614    .text:00000000000003d0 delay_ms
     /tmp/cc2PnVbM.s:652    .text:00000000000003f0 convert_to_ms
     /tmp/cc2PnVbM.s:726    .text:000000000000047c $d
     /tmp/cc2PnVbM.s:733    .text:0000000000000494 $t
     /tmp/cc2PnVbM.s:741    .text:0000000000000494 convert_from_ms
     /tmp/cc2PnVbM.s:815    .text:0000000000000520 $d
     /tmp/cc2PnVbM.s:822    .text:0000000000000538 $t
     /tmp/cc2PnVbM.s:830    .text:0000000000000538 ringbuff_create
     /tmp/cc2PnVbM.s:864    .text:0000000000000568 ringbuff_destroy
     /tmp/cc2PnVbM.s:888    .text:0000000000000584 ringbuff_write
     /tmp/cc2PnVbM.s:954    .text:00000000000005f4 ringbuff_read
     /tmp/cc2PnVbM.s:1004   .text:000000000000063c ringbuff_read_until
     /tmp/cc2PnVbM.s:1091   .text:00000000000006e0 ringbuffer_used_space
     /tmp/cc2PnVbM.s:1110   .text:00000000000006f4 ringbuff_available_space
     /tmp/cc2PnVbM.s:1130   .text:0000000000000708 ringbuff_is_full
     /tmp/cc2PnVbM.s:1153   .text:0000000000000724 ringbuff_is_empty
     /tmp/cc2PnVbM.s:1171   .text:0000000000000734 ringbuff_flush
     /tmp/cc2PnVbM.s:1189   .text:0000000000000740 ringbuff_count
     /tmp/cc2PnVbM.s:1225   .text:0000000000000774 ringbuff_peek
     /tmp/cc2PnVbM.s:1264   .text:00000000000007ac ringbuff_search
     /tmp/cc2PnVbM.s:1343   .text:0000000000000844 ringbuff_search2
     /tmp/cc2PnVbM.s:1393   .text:00000000000008a4 select_item
     /tmp/cc2PnVbM.s:1459   .text:0000000000000918 deselect_item
     /tmp/cc2PnVbM.s:1491   .text:0000000000000940 str_to_hex
     /tmp/cc2PnVbM.s:1557   .rodata.str1.4:0000000000000000 $d

UNDEFINED SYMBOLS
pvPortMalloc
__aeabi_f2d
__aeabi_dcmplt
__aeabi_fcmplt
__aeabi_d2iz
__aeabi_dadd
__aeabi_dmul
modf
strlen
strcpy
__aeabi_fdiv
__aeabi_fmul
strcmp
vPortFree
